TpTrace Verbose: 0 : 596, 1, 2021/12/15, 15:53:54.910, 9756441984, vstest.console.dll, Version: 16.11.0-release-20210730-02
TpTrace Information: 0 : 596, 1, 2021/12/15, 15:53:54.936, 9756650120, vstest.console.dll, FilePatternParser: The given file C:\Users\zheny\source\repos\SCMS.API\SCMS.Tests\bin\Debug\netcoreapp3.1\fine-code-coverage\build-output\SCMS.Tests.dll is a full path.
TpTrace Verbose: 0 : 596, 1, 2021/12/15, 15:53:54.964, 9756928196, vstest.console.dll, TestPluginCache.DiscoverTestExtensions: finding test extensions in assemblies ends with: RuntimeProvider.dll TPluginInfo: Microsoft.VisualStudio.TestPlatform.Common.ExtensionFramework.Utilities.TestRuntimePluginInformation TExtension: Microsoft.VisualStudio.TestPlatform.ObjectModel.Host.ITestRuntimeProvider
TpTrace Verbose: 0 : 596, 1, 2021/12/15, 15:53:54.965, 9756938527, vstest.console.dll, TestPluginCache.GetExtensionPaths: Filtered extension paths: 
TpTrace Verbose: 0 : 596, 1, 2021/12/15, 15:53:54.965, 9756940778, vstest.console.dll, TestPluginCache.GetExtensionPaths: Added default extension paths: C:\Program Files\dotnet\sdk\5.0.401\Extensions\Microsoft.Diagnostics.NETCore.Client.dll
C:\Program Files\dotnet\sdk\5.0.401\Extensions\Microsoft.TestPlatform.Extensions.BlameDataCollector.dll
C:\Program Files\dotnet\sdk\5.0.401\Extensions\Microsoft.TestPlatform.Extensions.EventLogCollector.dll
C:\Program Files\dotnet\sdk\5.0.401\Extensions\Microsoft.TestPlatform.TestHostRuntimeProvider.dll
C:\Program Files\dotnet\sdk\5.0.401\Extensions\Microsoft.VisualStudio.TestPlatform.Extensions.Html.TestLogger.dll
C:\Program Files\dotnet\sdk\5.0.401\Extensions\Microsoft.VisualStudio.TestPlatform.Extensions.Trx.TestLogger.dll
TpTrace Verbose: 0 : 596, 1, 2021/12/15, 15:53:54.965, 9756941774, vstest.console.dll, TestPluginCache.GetExtensionPaths: Added unfilterableExtensionPaths: 
TpTrace Information: 0 : 596, 1, 2021/12/15, 15:53:54.967, 9756958242, vstest.console.dll, AssemblyResolver.ctor: Creating AssemblyResolver with searchDirectories C:\Program Files\dotnet\sdk\5.0.401\Extensions,C:\Program Files\dotnet\sdk\5.0.401
TpTrace Verbose: 0 : 596, 1, 2021/12/15, 15:53:54.969, 9756986000, vstest.console.dll, TestPluginCache.DiscoverTestExtensions: Discovering the extensions using extension path.
TpTrace Verbose: 0 : 596, 1, 2021/12/15, 15:53:54.970, 9756988567, vstest.console.dll, TestPluginCache.GetExtensionPaths: Filtered extension paths: 
TpTrace Verbose: 0 : 596, 1, 2021/12/15, 15:53:54.970, 9756989713, vstest.console.dll, TestPluginCache.GetExtensionPaths: Added default extension paths: C:\Program Files\dotnet\sdk\5.0.401\Extensions\Microsoft.Diagnostics.NETCore.Client.dll
C:\Program Files\dotnet\sdk\5.0.401\Extensions\Microsoft.TestPlatform.Extensions.BlameDataCollector.dll
C:\Program Files\dotnet\sdk\5.0.401\Extensions\Microsoft.TestPlatform.Extensions.EventLogCollector.dll
C:\Program Files\dotnet\sdk\5.0.401\Extensions\Microsoft.TestPlatform.TestHostRuntimeProvider.dll
C:\Program Files\dotnet\sdk\5.0.401\Extensions\Microsoft.VisualStudio.TestPlatform.Extensions.Html.TestLogger.dll
C:\Program Files\dotnet\sdk\5.0.401\Extensions\Microsoft.VisualStudio.TestPlatform.Extensions.Trx.TestLogger.dll
TpTrace Verbose: 0 : 596, 1, 2021/12/15, 15:53:54.970, 9756990540, vstest.console.dll, TestPluginCache.GetExtensionPaths: Added unfilterableExtensionPaths: 
TpTrace Verbose: 0 : 596, 1, 2021/12/15, 15:53:54.970, 9756992009, vstest.console.dll, TestPluginCache.DiscoverTestExtensions: Discovering the extensions using allExtensionPaths: C:\Program Files\dotnet\sdk\5.0.401\Extensions\Microsoft.Diagnostics.NETCore.Client.dll
C:\Program Files\dotnet\sdk\5.0.401\Extensions\Microsoft.TestPlatform.Extensions.BlameDataCollector.dll
C:\Program Files\dotnet\sdk\5.0.401\Extensions\Microsoft.TestPlatform.Extensions.EventLogCollector.dll
C:\Program Files\dotnet\sdk\5.0.401\Extensions\Microsoft.TestPlatform.TestHostRuntimeProvider.dll
C:\Program Files\dotnet\sdk\5.0.401\Extensions\Microsoft.VisualStudio.TestPlatform.Extensions.Html.TestLogger.dll
C:\Program Files\dotnet\sdk\5.0.401\Extensions\Microsoft.VisualStudio.TestPlatform.Extensions.Trx.TestLogger.dll
TpTrace Information: 0 : 596, 1, 2021/12/15, 15:53:54.970, 9756995463, vstest.console.dll, AssemblyResolver.AddSearchDirectories: Adding more searchDirectories C:\Program Files\dotnet\sdk\5.0.401\Extensions,C:\Program Files\dotnet\sdk\5.0.401
TpTrace Information: 0 : 596, 1, 2021/12/15, 15:53:54.970, 9756997042, vstest.console.dll, AssemblyResolver.AddSearchDirectories: Adding more searchDirectories C:\Program Files\dotnet\sdk\5.0.401\Extensions,C:\Program Files\dotnet\sdk\5.0.401
TpTrace Information: 0 : 596, 1, 2021/12/15, 15:53:54.971, 9756998047, vstest.console.dll, AssemblyResolver.AddSearchDirectories: Adding more searchDirectories C:\Program Files\dotnet\sdk\5.0.401\Extensions,C:\Program Files\dotnet\sdk\5.0.401
TpTrace Information: 0 : 596, 1, 2021/12/15, 15:53:54.971, 9756998821, vstest.console.dll, AssemblyResolver.AddSearchDirectories: Adding more searchDirectories C:\Program Files\dotnet\sdk\5.0.401\Extensions,C:\Program Files\dotnet\sdk\5.0.401
TpTrace Information: 0 : 596, 1, 2021/12/15, 15:53:54.971, 9756999691, vstest.console.dll, AssemblyResolver.AddSearchDirectories: Adding more searchDirectories C:\Program Files\dotnet\sdk\5.0.401\Extensions,C:\Program Files\dotnet\sdk\5.0.401
TpTrace Information: 0 : 596, 1, 2021/12/15, 15:53:54.971, 9757000444, vstest.console.dll, AssemblyResolver.AddSearchDirectories: Adding more searchDirectories C:\Program Files\dotnet\sdk\5.0.401\Extensions,C:\Program Files\dotnet\sdk\5.0.401
TpTrace Information: 0 : 596, 1, 2021/12/15, 15:53:54.974, 9757032089, vstest.console.dll, AssemblyResolver.OnResolve: Microsoft.Diagnostics.NETCore.Client: Resolving assembly.
TpTrace Information: 0 : 596, 1, 2021/12/15, 15:53:54.974, 9757034165, vstest.console.dll, AssemblyResolver.OnResolve: Microsoft.Diagnostics.NETCore.Client: Searching in: 'C:\Program Files\dotnet\sdk\5.0.401\Extensions'.
TpTrace Information: 0 : 596, 1, 2021/12/15, 15:53:54.978, 9757074699, vstest.console.dll, AssemblyResolver.OnResolve: Microsoft.Diagnostics.NETCore.Client: Loading assembly 'C:\Program Files\dotnet\sdk\5.0.401\Extensions\Microsoft.Diagnostics.NETCore.Client.dll'.
TpTrace Information: 0 : 596, 1, 2021/12/15, 15:53:54.981, 9757104409, vstest.console.dll, AssemblyResolver.OnResolve: Resolved assembly: Microsoft.Diagnostics.NETCore.Client, from path: C:\Program Files\dotnet\sdk\5.0.401\Extensions\Microsoft.Diagnostics.NETCore.Client.dll
TpTrace Information: 0 : 596, 1, 2021/12/15, 15:53:54.990, 9757194846, vstest.console.dll, AssemblyResolver.OnResolve: Microsoft.Bcl.AsyncInterfaces: Resolving assembly.
TpTrace Information: 0 : 596, 1, 2021/12/15, 15:53:54.990, 9757196514, vstest.console.dll, AssemblyResolver.OnResolve: Microsoft.Bcl.AsyncInterfaces: Searching in: 'C:\Program Files\dotnet\sdk\5.0.401\Extensions'.
TpTrace Information: 0 : 596, 1, 2021/12/15, 15:53:54.991, 9757198452, vstest.console.dll, AssemblyResolver.OnResolve: Microsoft.Bcl.AsyncInterfaces: Assembly path does not exist: 'C:\Program Files\dotnet\sdk\5.0.401\Extensions\Microsoft.Bcl.AsyncInterfaces.dll', returning.
TpTrace Information: 0 : 596, 1, 2021/12/15, 15:53:54.991, 9757200039, vstest.console.dll, AssemblyResolver.OnResolve: Microsoft.Bcl.AsyncInterfaces: Assembly path does not exist: 'C:\Program Files\dotnet\sdk\5.0.401\Extensions\Microsoft.Bcl.AsyncInterfaces.exe', returning.
TpTrace Information: 0 : 596, 1, 2021/12/15, 15:53:54.991, 9757201017, vstest.console.dll, AssemblyResolver.OnResolve: Microsoft.Bcl.AsyncInterfaces: Searching in: 'C:\Program Files\dotnet\sdk\5.0.401'.
TpTrace Information: 0 : 596, 1, 2021/12/15, 15:53:54.991, 9757202572, vstest.console.dll, AssemblyResolver.OnResolve: Microsoft.Bcl.AsyncInterfaces: Assembly path does not exist: 'C:\Program Files\dotnet\sdk\5.0.401\Microsoft.Bcl.AsyncInterfaces.dll', returning.
TpTrace Information: 0 : 596, 1, 2021/12/15, 15:53:54.991, 9757204414, vstest.console.dll, AssemblyResolver.OnResolve: Microsoft.Bcl.AsyncInterfaces: Assembly path does not exist: 'C:\Program Files\dotnet\sdk\5.0.401\Microsoft.Bcl.AsyncInterfaces.exe', returning.
TpTrace Information: 0 : 596, 1, 2021/12/15, 15:53:54.991, 9757206111, vstest.console.dll, AssemblyResolver.OnResolve: Microsoft.Bcl.AsyncInterfaces: Failed to load assembly.
TpTrace Verbose: 0 : 596, 1, 2021/12/15, 15:53:54.991, 9757207192, vstest.console.dll, CurrentDomainAssemblyResolve: Resolving assembly 'Microsoft.Bcl.AsyncInterfaces'.
TpTrace Information: 0 : 596, 1, 2021/12/15, 15:53:54.992, 9757208770, vstest.console.dll, AssemblyResolver.OnResolve: Microsoft.Bcl.AsyncInterfaces: Resolving assembly.
TpTrace Information: 0 : 596, 1, 2021/12/15, 15:53:54.992, 9757209696, vstest.console.dll, AssemblyResolver.OnResolve: Microsoft.Bcl.AsyncInterfaces: Resolved from cache.
TpTrace Verbose: 0 : 596, 1, 2021/12/15, 15:53:54.992, 9757210475, vstest.console.dll, CurrentDomainAssemblyResolve: Resolving assembly 'Microsoft.Bcl.AsyncInterfaces'.
TpTrace Verbose: 0 : 596, 1, 2021/12/15, 15:53:54.992, 9757211341, vstest.console.dll, CurrentDomainAssemblyResolve: Failed to resolve assembly 'Microsoft.Bcl.AsyncInterfaces'.
TpTrace Verbose: 0 : 596, 1, 2021/12/15, 15:53:55.001, 9757303794, vstest.console.dll, CurrentDomainAssemblyResolve: Failed to resolve assembly 'Microsoft.Bcl.AsyncInterfaces'.
TpTrace Warning: 0 : 596, 1, 2021/12/15, 15:53:55.076, 9758047805, vstest.console.dll, TestPluginDiscoverer: Failed to get types from assembly 'Microsoft.Diagnostics.NETCore.Client, Version=0.2.2.41902, Culture=neutral, PublicKeyToken=31bf3856ad364e35'.  Skipping test extension scan for this assembly.  Error: System.Reflection.ReflectionTypeLoadException: Unable to load one or more of the requested types.
Could not load file or assembly 'Microsoft.Bcl.AsyncInterfaces, Version=1.0.0.0, Culture=neutral, PublicKeyToken=cc7b13ffcd2ddd51'. Nie można odnaleźć określonego pliku.
   at System.Reflection.RuntimeModule.GetTypes(RuntimeModule module)
   at System.Reflection.RuntimeModule.GetTypes()
   at System.Reflection.Assembly.GetTypes()
   at Microsoft.VisualStudio.TestPlatform.Common.ExtensionFramework.TestPluginDiscoverer.GetTestExtensionsFromAssembly[TPluginInfo,TExtension](Assembly assembly, Dictionary`2 pluginInfos)
System.IO.FileNotFoundException: Could not load file or assembly 'Microsoft.Bcl.AsyncInterfaces, Version=1.0.0.0, Culture=neutral, PublicKeyToken=cc7b13ffcd2ddd51'. Nie można odnaleźć określonego pliku.
File name: 'Microsoft.Bcl.AsyncInterfaces, Version=1.0.0.0, Culture=neutral, PublicKeyToken=cc7b13ffcd2ddd51'
TpTrace Warning: 0 : 596, 1, 2021/12/15, 15:53:55.078, 9758069124, vstest.console.dll, LoaderExceptions: System.IO.FileNotFoundException: Could not load file or assembly 'Microsoft.Bcl.AsyncInterfaces, Version=1.0.0.0, Culture=neutral, PublicKeyToken=cc7b13ffcd2ddd51'. Nie można odnaleźć określonego pliku.
File name: 'Microsoft.Bcl.AsyncInterfaces, Version=1.0.0.0, Culture=neutral, PublicKeyToken=cc7b13ffcd2ddd51'
TpTrace Information: 0 : 596, 1, 2021/12/15, 15:53:55.078, 9758071986, vstest.console.dll, AssemblyResolver.OnResolve: Microsoft.TestPlatform.Extensions.BlameDataCollector: Resolving assembly.
TpTrace Information: 0 : 596, 1, 2021/12/15, 15:53:55.078, 9758073159, vstest.console.dll, AssemblyResolver.OnResolve: Microsoft.TestPlatform.Extensions.BlameDataCollector: Searching in: 'C:\Program Files\dotnet\sdk\5.0.401\Extensions'.
TpTrace Information: 0 : 596, 1, 2021/12/15, 15:53:55.081, 9758106282, vstest.console.dll, AssemblyResolver.OnResolve: Microsoft.TestPlatform.Extensions.BlameDataCollector: Loading assembly 'C:\Program Files\dotnet\sdk\5.0.401\Extensions\Microsoft.TestPlatform.Extensions.BlameDataCollector.dll'.
TpTrace Information: 0 : 596, 1, 2021/12/15, 15:53:55.084, 9758136911, vstest.console.dll, AssemblyResolver.OnResolve: Resolved assembly: Microsoft.TestPlatform.Extensions.BlameDataCollector, from path: C:\Program Files\dotnet\sdk\5.0.401\Extensions\Microsoft.TestPlatform.Extensions.BlameDataCollector.dll
TpTrace Information: 0 : 596, 1, 2021/12/15, 15:53:55.087, 9758166351, vstest.console.dll, AssemblyResolver.OnResolve: Microsoft.TestPlatform.Extensions.EventLogCollector: Resolving assembly.
TpTrace Information: 0 : 596, 1, 2021/12/15, 15:53:55.088, 9758168135, vstest.console.dll, AssemblyResolver.OnResolve: Microsoft.TestPlatform.Extensions.EventLogCollector: Searching in: 'C:\Program Files\dotnet\sdk\5.0.401\Extensions'.
TpTrace Information: 0 : 596, 1, 2021/12/15, 15:53:55.090, 9758188501, vstest.console.dll, AssemblyResolver.OnResolve: Microsoft.TestPlatform.Extensions.EventLogCollector: Loading assembly 'C:\Program Files\dotnet\sdk\5.0.401\Extensions\Microsoft.TestPlatform.Extensions.EventLogCollector.dll'.
TpTrace Information: 0 : 596, 1, 2021/12/15, 15:53:55.091, 9758202077, vstest.console.dll, AssemblyResolver.OnResolve: Resolved assembly: Microsoft.TestPlatform.Extensions.EventLogCollector, from path: C:\Program Files\dotnet\sdk\5.0.401\Extensions\Microsoft.TestPlatform.Extensions.EventLogCollector.dll
TpTrace Information: 0 : 596, 1, 2021/12/15, 15:53:55.098, 9758273964, vstest.console.dll, AssemblyResolver.OnResolve: Microsoft.TestPlatform.TestHostRuntimeProvider: Resolving assembly.
TpTrace Information: 0 : 596, 1, 2021/12/15, 15:53:55.098, 9758275475, vstest.console.dll, AssemblyResolver.OnResolve: Microsoft.TestPlatform.TestHostRuntimeProvider: Searching in: 'C:\Program Files\dotnet\sdk\5.0.401\Extensions'.
TpTrace Information: 0 : 596, 1, 2021/12/15, 15:53:55.101, 9758301433, vstest.console.dll, AssemblyResolver.OnResolve: Microsoft.TestPlatform.TestHostRuntimeProvider: Loading assembly 'C:\Program Files\dotnet\sdk\5.0.401\Extensions\Microsoft.TestPlatform.TestHostRuntimeProvider.dll'.
TpTrace Information: 0 : 596, 1, 2021/12/15, 15:53:55.102, 9758317319, vstest.console.dll, AssemblyResolver.OnResolve: Resolved assembly: Microsoft.TestPlatform.TestHostRuntimeProvider, from path: C:\Program Files\dotnet\sdk\5.0.401\Extensions\Microsoft.TestPlatform.TestHostRuntimeProvider.dll
TpTrace Information: 0 : 596, 1, 2021/12/15, 15:53:55.105, 9758342101, vstest.console.dll, AssemblyResolver.OnResolve: Microsoft.VisualStudio.TestPlatform.Extensions.Html.TestLogger: Resolving assembly.
TpTrace Information: 0 : 596, 1, 2021/12/15, 15:53:55.105, 9758343802, vstest.console.dll, AssemblyResolver.OnResolve: Microsoft.VisualStudio.TestPlatform.Extensions.Html.TestLogger: Searching in: 'C:\Program Files\dotnet\sdk\5.0.401\Extensions'.
TpTrace Information: 0 : 596, 1, 2021/12/15, 15:53:55.107, 9758364560, vstest.console.dll, AssemblyResolver.OnResolve: Microsoft.VisualStudio.TestPlatform.Extensions.Html.TestLogger: Loading assembly 'C:\Program Files\dotnet\sdk\5.0.401\Extensions\Microsoft.VisualStudio.TestPlatform.Extensions.Html.TestLogger.dll'.
TpTrace Information: 0 : 596, 1, 2021/12/15, 15:53:55.110, 9758391837, vstest.console.dll, AssemblyResolver.OnResolve: Resolved assembly: Microsoft.VisualStudio.TestPlatform.Extensions.Html.TestLogger, from path: C:\Program Files\dotnet\sdk\5.0.401\Extensions\Microsoft.VisualStudio.TestPlatform.Extensions.Html.TestLogger.dll
TpTrace Information: 0 : 596, 1, 2021/12/15, 15:53:55.111, 9758399484, vstest.console.dll, AssemblyResolver.OnResolve: Microsoft.VisualStudio.TestPlatform.Extensions.Trx.TestLogger: Resolving assembly.
TpTrace Information: 0 : 596, 1, 2021/12/15, 15:53:55.111, 9758400739, vstest.console.dll, AssemblyResolver.OnResolve: Microsoft.VisualStudio.TestPlatform.Extensions.Trx.TestLogger: Searching in: 'C:\Program Files\dotnet\sdk\5.0.401\Extensions'.
TpTrace Information: 0 : 596, 1, 2021/12/15, 15:53:55.114, 9758436818, vstest.console.dll, AssemblyResolver.OnResolve: Microsoft.VisualStudio.TestPlatform.Extensions.Trx.TestLogger: Loading assembly 'C:\Program Files\dotnet\sdk\5.0.401\Extensions\Microsoft.VisualStudio.TestPlatform.Extensions.Trx.TestLogger.dll'.
TpTrace Information: 0 : 596, 1, 2021/12/15, 15:53:55.118, 9758476210, vstest.console.dll, AssemblyResolver.OnResolve: Resolved assembly: Microsoft.VisualStudio.TestPlatform.Extensions.Trx.TestLogger, from path: C:\Program Files\dotnet\sdk\5.0.401\Extensions\Microsoft.VisualStudio.TestPlatform.Extensions.Trx.TestLogger.dll
TpTrace Verbose: 0 : 596, 1, 2021/12/15, 15:53:55.120, 9758489514, vstest.console.dll, TestPluginCache: Discovered the extensions using extension path ''.
TpTrace Verbose: 0 : 596, 1, 2021/12/15, 15:53:55.120, 9758490870, vstest.console.dll, TestPluginCache: Discoverers are ''.
TpTrace Verbose: 0 : 596, 1, 2021/12/15, 15:53:55.120, 9758491620, vstest.console.dll, TestPluginCache: Executors are ''.
TpTrace Verbose: 0 : 596, 1, 2021/12/15, 15:53:55.120, 9758492427, vstest.console.dll, TestPluginCache: Executors2 are ''.
TpTrace Verbose: 0 : 596, 1, 2021/12/15, 15:53:55.120, 9758493263, vstest.console.dll, TestPluginCache: Setting providers are ''.
TpTrace Verbose: 0 : 596, 1, 2021/12/15, 15:53:55.120, 9758493917, vstest.console.dll, TestPluginCache: Loggers are ''.
TpTrace Information: 0 : 596, 1, 2021/12/15, 15:53:55.133, 9758623615, vstest.console.dll, RunTestsArgumentProcessor:Execute: Test run is starting.
TpTrace Verbose: 0 : 596, 1, 2021/12/15, 15:53:55.133, 9758625292, vstest.console.dll, RunTestsArgumentProcessor:Execute: Queuing Test run.
TpTrace Information: 0 : 596, 1, 2021/12/15, 15:53:55.134, 9758629250, vstest.console.dll, TestRequestManager.RunTests: run tests started.
TpTrace Information: 0 : 596, 1, 2021/12/15, 15:53:55.146, 9758754078, vstest.console.dll, AssemblyMetadataProvider.GetFrameWork: Determined framework:'.NETCoreApp,Version=v3.1' for source: 'C:\Users\zheny\source\repos\SCMS.API\SCMS.Tests\bin\Debug\netcoreapp3.1\fine-code-coverage\build-output\SCMS.Tests.dll'
TpTrace Information: 0 : 596, 1, 2021/12/15, 15:53:55.147, 9758757597, vstest.console.dll, Determined framework for all sources: .NETCoreApp,Version=v3.1
TpTrace Information: 0 : 596, 1, 2021/12/15, 15:53:55.147, 9758765663, vstest.console.dll, AssemblyMetadataProvider.GetArchitecture: Determined architecture:AnyCPU info for assembly: C:\Users\zheny\source\repos\SCMS.API\SCMS.Tests\bin\Debug\netcoreapp3.1\fine-code-coverage\build-output\SCMS.Tests.dll
TpTrace Information: 0 : 596, 1, 2021/12/15, 15:53:55.151, 9758803251, vstest.console.dll, Determined platform for all sources: X64
TpTrace Information: 0 : 596, 1, 2021/12/15, 15:53:55.156, 9758855784, vstest.console.dll, Compatible sources list : 
TpTrace Information: 0 : 596, 1, 2021/12/15, 15:53:55.156, 9758857460, vstest.console.dll, C:\Users\zheny\source\repos\SCMS.API\SCMS.Tests\bin\Debug\netcoreapp3.1\fine-code-coverage\build-output\SCMS.Tests.dll
TpTrace Information: 0 : 596, 1, 2021/12/15, 15:53:55.167, 9758965834, vstest.console.dll, InferRunSettingsHelper.IsTestSettingsEnabled: Unable to navigate to RunSettings/MSTest. Current node: RunSettings
TpTrace Information: 0 : 596, 1, 2021/12/15, 15:53:55.169, 9758979989, vstest.console.dll, AssemblyResolver.OnResolve: Microsoft.VisualStudio.TestPlatform.Fakes: Resolving assembly.
TpTrace Information: 0 : 596, 1, 2021/12/15, 15:53:55.169, 9758981714, vstest.console.dll, AssemblyResolver.OnResolve: Microsoft.VisualStudio.TestPlatform.Fakes: Searching in: 'C:\Program Files\dotnet\sdk\5.0.401\Extensions'.
TpTrace Information: 0 : 596, 1, 2021/12/15, 15:53:55.169, 9758984296, vstest.console.dll, AssemblyResolver.OnResolve: Microsoft.VisualStudio.TestPlatform.Fakes: Assembly path does not exist: 'C:\Program Files\dotnet\sdk\5.0.401\Extensions\Microsoft.VisualStudio.TestPlatform.Fakes.dll', returning.
TpTrace Information: 0 : 596, 1, 2021/12/15, 15:53:55.169, 9758986041, vstest.console.dll, AssemblyResolver.OnResolve: Microsoft.VisualStudio.TestPlatform.Fakes: Assembly path does not exist: 'C:\Program Files\dotnet\sdk\5.0.401\Extensions\Microsoft.VisualStudio.TestPlatform.Fakes.exe', returning.
TpTrace Information: 0 : 596, 1, 2021/12/15, 15:53:55.169, 9758986861, vstest.console.dll, AssemblyResolver.OnResolve: Microsoft.VisualStudio.TestPlatform.Fakes: Searching in: 'C:\Program Files\dotnet\sdk\5.0.401'.
TpTrace Information: 0 : 596, 1, 2021/12/15, 15:53:55.170, 9758988614, vstest.console.dll, AssemblyResolver.OnResolve: Microsoft.VisualStudio.TestPlatform.Fakes: Assembly path does not exist: 'C:\Program Files\dotnet\sdk\5.0.401\Microsoft.VisualStudio.TestPlatform.Fakes.dll', returning.
TpTrace Information: 0 : 596, 1, 2021/12/15, 15:53:55.170, 9758990356, vstest.console.dll, AssemblyResolver.OnResolve: Microsoft.VisualStudio.TestPlatform.Fakes: Assembly path does not exist: 'C:\Program Files\dotnet\sdk\5.0.401\Microsoft.VisualStudio.TestPlatform.Fakes.exe', returning.
TpTrace Information: 0 : 596, 1, 2021/12/15, 15:53:55.170, 9758991216, vstest.console.dll, AssemblyResolver.OnResolve: Microsoft.VisualStudio.TestPlatform.Fakes: Failed to load assembly.
TpTrace Information: 0 : 596, 1, 2021/12/15, 15:53:55.172, 9759014534, vstest.console.dll, Failed to create newly implemented Fakes Configurator. Reason:System.IO.FileNotFoundException: Could not load file or assembly 'Microsoft.VisualStudio.TestPlatform.Fakes, Version=16.0.0.0, Culture=neutral, PublicKeyToken=null'. Nie można odnaleźć określonego pliku.
File name: 'Microsoft.VisualStudio.TestPlatform.Fakes, Version=16.0.0.0, Culture=neutral, PublicKeyToken=null'
   at System.Reflection.RuntimeAssembly.InternalLoad(ObjectHandleOnStack assemblyName, ObjectHandleOnStack requestingAssembly, StackCrawlMarkHandle stackMark, Boolean throwOnFileNotFound, ObjectHandleOnStack assemblyLoadContext, ObjectHandleOnStack retAssembly)
   at System.Reflection.RuntimeAssembly.InternalLoad(AssemblyName assemblyName, RuntimeAssembly requestingAssembly, StackCrawlMark& stackMark, Boolean throwOnFileNotFound, AssemblyLoadContext assemblyLoadContext)
   at System.Reflection.Assembly.Load(AssemblyName assemblyRef)
   at Microsoft.VisualStudio.TestPlatform.Common.Utilities.FakesUtilities.TryGetFakesCrossPlatformDataCollectorConfigurator() 
TpTrace Verbose: 0 : 596, 1, 2021/12/15, 15:53:55.182, 9759110019, vstest.console.dll, TestPluginCache.DiscoverTestExtensions: finding test extensions in assemblies ends with: TestLogger.dll TPluginInfo: Microsoft.VisualStudio.TestPlatform.Common.ExtensionFramework.Utilities.TestLoggerPluginInformation TExtension: Microsoft.VisualStudio.TestPlatform.ObjectModel.Client.ITestLogger
TpTrace Verbose: 0 : 596, 1, 2021/12/15, 15:53:55.182, 9759112142, vstest.console.dll, TestPluginCache.GetExtensionPaths: Filtered extension paths: 
TpTrace Verbose: 0 : 596, 1, 2021/12/15, 15:53:55.182, 9759113772, vstest.console.dll, TestPluginCache.GetExtensionPaths: Added default extension paths: C:\Program Files\dotnet\sdk\5.0.401\Extensions\Microsoft.Diagnostics.NETCore.Client.dll
C:\Program Files\dotnet\sdk\5.0.401\Extensions\Microsoft.TestPlatform.Extensions.BlameDataCollector.dll
C:\Program Files\dotnet\sdk\5.0.401\Extensions\Microsoft.TestPlatform.Extensions.EventLogCollector.dll
C:\Program Files\dotnet\sdk\5.0.401\Extensions\Microsoft.TestPlatform.TestHostRuntimeProvider.dll
C:\Program Files\dotnet\sdk\5.0.401\Extensions\Microsoft.VisualStudio.TestPlatform.Extensions.Html.TestLogger.dll
C:\Program Files\dotnet\sdk\5.0.401\Extensions\Microsoft.VisualStudio.TestPlatform.Extensions.Trx.TestLogger.dll
TpTrace Verbose: 0 : 596, 1, 2021/12/15, 15:53:55.182, 9759115370, vstest.console.dll, TestPluginCache.GetExtensionPaths: Added unfilterableExtensionPaths: 
TpTrace Information: 0 : 596, 1, 2021/12/15, 15:53:55.183, 9759120453, vstest.console.dll, AssemblyResolver.AddSearchDirectories: Adding more searchDirectories C:\Program Files\dotnet\sdk\5.0.401\Extensions,C:\Program Files\dotnet\sdk\5.0.401
TpTrace Verbose: 0 : 596, 1, 2021/12/15, 15:53:55.183, 9759121861, vstest.console.dll, TestPluginCache.DiscoverTestExtensions: Discovering the extensions using extension path.
TpTrace Verbose: 0 : 596, 1, 2021/12/15, 15:53:55.183, 9759122689, vstest.console.dll, TestPluginCache.GetExtensionPaths: Filtered extension paths: 
TpTrace Verbose: 0 : 596, 1, 2021/12/15, 15:53:55.183, 9759123678, vstest.console.dll, TestPluginCache.GetExtensionPaths: Added default extension paths: C:\Program Files\dotnet\sdk\5.0.401\Extensions\Microsoft.Diagnostics.NETCore.Client.dll
C:\Program Files\dotnet\sdk\5.0.401\Extensions\Microsoft.TestPlatform.Extensions.BlameDataCollector.dll
C:\Program Files\dotnet\sdk\5.0.401\Extensions\Microsoft.TestPlatform.Extensions.EventLogCollector.dll
C:\Program Files\dotnet\sdk\5.0.401\Extensions\Microsoft.TestPlatform.TestHostRuntimeProvider.dll
C:\Program Files\dotnet\sdk\5.0.401\Extensions\Microsoft.VisualStudio.TestPlatform.Extensions.Html.TestLogger.dll
C:\Program Files\dotnet\sdk\5.0.401\Extensions\Microsoft.VisualStudio.TestPlatform.Extensions.Trx.TestLogger.dll
TpTrace Verbose: 0 : 596, 1, 2021/12/15, 15:53:55.183, 9759124637, vstest.console.dll, TestPluginCache.GetExtensionPaths: Added unfilterableExtensionPaths: 
TpTrace Verbose: 0 : 596, 1, 2021/12/15, 15:53:55.183, 9759125486, vstest.console.dll, TestPluginCache.DiscoverTestExtensions: Discovering the extensions using allExtensionPaths: C:\Program Files\dotnet\sdk\5.0.401\Extensions\Microsoft.Diagnostics.NETCore.Client.dll
C:\Program Files\dotnet\sdk\5.0.401\Extensions\Microsoft.TestPlatform.Extensions.BlameDataCollector.dll
C:\Program Files\dotnet\sdk\5.0.401\Extensions\Microsoft.TestPlatform.Extensions.EventLogCollector.dll
C:\Program Files\dotnet\sdk\5.0.401\Extensions\Microsoft.TestPlatform.TestHostRuntimeProvider.dll
C:\Program Files\dotnet\sdk\5.0.401\Extensions\Microsoft.VisualStudio.TestPlatform.Extensions.Html.TestLogger.dll
C:\Program Files\dotnet\sdk\5.0.401\Extensions\Microsoft.VisualStudio.TestPlatform.Extensions.Trx.TestLogger.dll
TpTrace Information: 0 : 596, 1, 2021/12/15, 15:53:55.183, 9759126787, vstest.console.dll, AssemblyResolver.AddSearchDirectories: Adding more searchDirectories C:\Program Files\dotnet\sdk\5.0.401\Extensions,C:\Program Files\dotnet\sdk\5.0.401
TpTrace Information: 0 : 596, 1, 2021/12/15, 15:53:55.184, 9759127613, vstest.console.dll, AssemblyResolver.AddSearchDirectories: Adding more searchDirectories C:\Program Files\dotnet\sdk\5.0.401\Extensions,C:\Program Files\dotnet\sdk\5.0.401
TpTrace Information: 0 : 596, 1, 2021/12/15, 15:53:55.184, 9759128460, vstest.console.dll, AssemblyResolver.AddSearchDirectories: Adding more searchDirectories C:\Program Files\dotnet\sdk\5.0.401\Extensions,C:\Program Files\dotnet\sdk\5.0.401
TpTrace Information: 0 : 596, 1, 2021/12/15, 15:53:55.184, 9759129331, vstest.console.dll, AssemblyResolver.AddSearchDirectories: Adding more searchDirectories C:\Program Files\dotnet\sdk\5.0.401\Extensions,C:\Program Files\dotnet\sdk\5.0.401
TpTrace Information: 0 : 596, 1, 2021/12/15, 15:53:55.184, 9759130063, vstest.console.dll, AssemblyResolver.AddSearchDirectories: Adding more searchDirectories C:\Program Files\dotnet\sdk\5.0.401\Extensions,C:\Program Files\dotnet\sdk\5.0.401
TpTrace Information: 0 : 596, 1, 2021/12/15, 15:53:55.184, 9759130784, vstest.console.dll, AssemblyResolver.AddSearchDirectories: Adding more searchDirectories C:\Program Files\dotnet\sdk\5.0.401\Extensions,C:\Program Files\dotnet\sdk\5.0.401
TpTrace Information: 0 : 596, 1, 2021/12/15, 15:53:55.184, 9759136224, vstest.console.dll, AssemblyResolver.OnResolve: Microsoft.Bcl.AsyncInterfaces: Resolving assembly.
TpTrace Information: 0 : 596, 1, 2021/12/15, 15:53:55.184, 9759137234, vstest.console.dll, AssemblyResolver.OnResolve: Microsoft.Bcl.AsyncInterfaces: Resolved from cache.
TpTrace Verbose: 0 : 596, 1, 2021/12/15, 15:53:55.185, 9759138041, vstest.console.dll, CurrentDomainAssemblyResolve: Resolving assembly 'Microsoft.Bcl.AsyncInterfaces'.
TpTrace Information: 0 : 596, 1, 2021/12/15, 15:53:55.185, 9759139261, vstest.console.dll, AssemblyResolver.OnResolve: Microsoft.Bcl.AsyncInterfaces: Resolving assembly.
TpTrace Information: 0 : 596, 1, 2021/12/15, 15:53:55.185, 9759140021, vstest.console.dll, AssemblyResolver.OnResolve: Microsoft.Bcl.AsyncInterfaces: Resolved from cache.
TpTrace Verbose: 0 : 596, 1, 2021/12/15, 15:53:55.185, 9759140869, vstest.console.dll, CurrentDomainAssemblyResolve: Resolving assembly 'Microsoft.Bcl.AsyncInterfaces'.
TpTrace Verbose: 0 : 596, 1, 2021/12/15, 15:53:55.185, 9759141584, vstest.console.dll, CurrentDomainAssemblyResolve: Failed to resolve assembly 'Microsoft.Bcl.AsyncInterfaces'.
TpTrace Verbose: 0 : 596, 1, 2021/12/15, 15:53:55.185, 9759144899, vstest.console.dll, CurrentDomainAssemblyResolve: Failed to resolve assembly 'Microsoft.Bcl.AsyncInterfaces'.
TpTrace Warning: 0 : 596, 1, 2021/12/15, 15:53:55.186, 9759151516, vstest.console.dll, TestPluginDiscoverer: Failed to get types from assembly 'Microsoft.Diagnostics.NETCore.Client, Version=0.2.2.41902, Culture=neutral, PublicKeyToken=31bf3856ad364e35'.  Skipping test extension scan for this assembly.  Error: System.Reflection.ReflectionTypeLoadException: Unable to load one or more of the requested types.
Could not load file or assembly 'Microsoft.Bcl.AsyncInterfaces, Version=1.0.0.0, Culture=neutral, PublicKeyToken=cc7b13ffcd2ddd51'. Nie można odnaleźć określonego pliku.
   at System.Reflection.RuntimeModule.GetTypes(RuntimeModule module)
   at System.Reflection.RuntimeModule.GetTypes()
   at System.Reflection.Assembly.GetTypes()
   at Microsoft.VisualStudio.TestPlatform.Common.ExtensionFramework.TestPluginDiscoverer.GetTestExtensionsFromAssembly[TPluginInfo,TExtension](Assembly assembly, Dictionary`2 pluginInfos)
System.IO.FileNotFoundException: Could not load file or assembly 'Microsoft.Bcl.AsyncInterfaces, Version=1.0.0.0, Culture=neutral, PublicKeyToken=cc7b13ffcd2ddd51'. Nie można odnaleźć określonego pliku.
File name: 'Microsoft.Bcl.AsyncInterfaces, Version=1.0.0.0, Culture=neutral, PublicKeyToken=cc7b13ffcd2ddd51'
TpTrace Warning: 0 : 596, 1, 2021/12/15, 15:53:55.186, 9759153086, vstest.console.dll, LoaderExceptions: System.IO.FileNotFoundException: Could not load file or assembly 'Microsoft.Bcl.AsyncInterfaces, Version=1.0.0.0, Culture=neutral, PublicKeyToken=cc7b13ffcd2ddd51'. Nie można odnaleźć określonego pliku.
File name: 'Microsoft.Bcl.AsyncInterfaces, Version=1.0.0.0, Culture=neutral, PublicKeyToken=cc7b13ffcd2ddd51'
TpTrace Verbose: 0 : 596, 1, 2021/12/15, 15:53:55.187, 9759161392, vstest.console.dll, TestPluginCache: Discovered the extensions using extension path ''.
TpTrace Verbose: 0 : 596, 1, 2021/12/15, 15:53:55.187, 9759162408, vstest.console.dll, TestPluginCache: Discoverers are ''.
TpTrace Verbose: 0 : 596, 1, 2021/12/15, 15:53:55.187, 9759163441, vstest.console.dll, TestPluginCache: Executors are ''.
TpTrace Verbose: 0 : 596, 1, 2021/12/15, 15:53:55.187, 9759164088, vstest.console.dll, TestPluginCache: Executors2 are ''.
TpTrace Verbose: 0 : 596, 1, 2021/12/15, 15:53:55.187, 9759164713, vstest.console.dll, TestPluginCache: Setting providers are ''.
TpTrace Verbose: 0 : 596, 1, 2021/12/15, 15:53:55.187, 9759166247, vstest.console.dll, TestPluginCache: Loggers are 'logger://Microsoft/TestPlatform/Extensions/Blame/v1,logger://Microsoft/TestPlatform/HtmlLogger/v1,logger://Microsoft/TestPlatform/TrxLogger/v1'.
TpTrace Information: 0 : 596, 1, 2021/12/15, 15:53:55.189, 9759179740, vstest.console.dll, TestPluginManager.CreateTestExtension: Attempting to load test extension: Microsoft.TestPlatform.Extensions.BlameDataCollector.BlameLogger
TpTrace Information: 0 : 596, 1, 2021/12/15, 15:53:55.214, 9759437317, vstest.console.dll, TestPluginManager.CreateTestExtension: Attempting to load test extension: Microsoft.VisualStudio.TestPlatform.CrossPlatEngine.Hosting.DefaultTestHostManager
TpTrace Information: 0 : 596, 1, 2021/12/15, 15:53:55.215, 9759443446, vstest.console.dll, TestPluginManager.CreateTestExtension: Attempting to load test extension: Microsoft.VisualStudio.TestPlatform.CrossPlatEngine.Hosting.DotnetTestHostManager
TpTrace Verbose: 0 : 596, 1, 2021/12/15, 15:53:55.216, 9759453412, vstest.console.dll, TestEngine: Initializing Parallel Execution as MaxCpuCount is set to: 1
TpTrace Information: 0 : 596, 1, 2021/12/15, 15:53:55.217, 9759462519, vstest.console.dll, InferRunSettingsHelper.IsTestSettingsEnabled: Unable to navigate to RunSettings/MSTest. Current node: RunSettings
TpTrace Verbose: 0 : 596, 1, 2021/12/15, 15:53:55.253, 9759824580, vstest.console.dll, TestRequestSender is acting as server
TpTrace Verbose: 0 : 596, 4, 2021/12/15, 15:53:55.261, 9759899831, vstest.console.dll, DataCollectionRequestSender.InitializeCommunication : Initialize communication. 
TpTrace Information: 0 : 596, 4, 2021/12/15, 15:53:55.290, 9760196799, vstest.console.dll, Listening on Endpoint : 127.0.0.1:59238
TpTrace Verbose: 0 : 596, 4, 2021/12/15, 15:53:55.323, 9760518680, vstest.console.dll, DotnetDataCollectionLauncher: Full path of dotnet.exe is C:\Program Files\dotnet\dotnet.exe
TpTrace Verbose: 0 : 596, 4, 2021/12/15, 15:53:55.323, 9760524774, vstest.console.dll, DotnetDataCollectionLauncher: Adding  --runtimeconfig "C:\Program Files\dotnet\sdk\5.0.401\datacollector.runtimeconfig.json" in args
TpTrace Verbose: 0 : 596, 4, 2021/12/15, 15:53:55.324, 9760535629, vstest.console.dll, DotnetDataCollectionLauncher: Adding  --depsfile "C:\Program Files\dotnet\sdk\5.0.401\datacollector.deps.json" in args
TpTrace Information: 0 : 596, 4, 2021/12/15, 15:53:55.347, 9760763222, vstest.console.dll, ProxyDataCollectionManager.Initialize: Launched datacollector processId: 1856 port: 59238
TpTrace Information: 0 : 596, 4, 2021/12/15, 15:53:55.348, 9760768242, vstest.console.dll, ProxyDataCollectionManager.Initialize: waiting for connection with timeout: 90 seconds
TpTrace Verbose: 0 : 596, 4, 2021/12/15, 15:53:55.348, 9760770933, vstest.console.dll, DataCollectionRequestSender.WaitForRequestHandlerConnection : Waiting for connection with timeout: 90000
TpTrace Information: 0 : 596, 7, 2021/12/15, 15:53:55.793, 9765223250, vstest.console.dll, Using the buffer size of 16384 bytes
TpTrace Information: 0 : 596, 7, 2021/12/15, 15:53:55.793, 9765225995, vstest.console.dll, Accepted Client request and set the flag
TpTrace Verbose: 0 : 596, 4, 2021/12/15, 15:53:55.793, 9765225070, vstest.console.dll, ProxyDataCollectionManager.InvokeDataCollectionServiceAction: Starting.
TpTrace Information: 0 : 596, 4, 2021/12/15, 15:53:55.794, 9765229529, vstest.console.dll, ProxyDataCollectionManager.BeforeTestRunStart: Get environment variable and port for datacollector processId: 1856 port: 59238
TpTrace Verbose: 0 : 596, 4, 2021/12/15, 15:53:55.794, 9765232203, vstest.console.dll, DataCollectionRequestSender.SendBeforeTestRunStartAndGetResult : Send BeforeTestRunStart message with settingsXml <RunSettings><RunConfiguration><ResultsDirectory>C:\Users\zheny\source\repos\SCMS.API\SCMS.Tests\bin\Debug\netcoreapp3.1\fine-code-coverage\coverage-tool-output</ResultsDirectory><TargetPlatform>X64</TargetPlatform><TargetFrameworkVersion>.NETCoreApp,Version=v3.1</TargetFrameworkVersion><DesignMode>False</DesignMode><CollectSourceInformation>False</CollectSourceInformation><TestAdaptersPaths>C:\Program Files\dotnet\sdk\5.0.401\Extensions</TestAdaptersPaths></RunConfiguration><LoggerRunSettings><Loggers><Logger friendlyName="blame" enabled="True" /><Logger friendlyName="Console" uri="logger://microsoft/TestPlatform/ConsoleLogger/v1" assemblyQualifiedName="Microsoft.VisualStudio.TestPlatform.CommandLine.Internal.ConsoleLogger, vstest.console, Version=15.0.0.0, Culture=neutral, PublicKeyToken=b03f5f7f11d50a3a" codeBase="C:\Program Files\dotnet\sdk\5.0.401\vstest.console.dll" enabled="True" /></Loggers></LoggerRunSettings><DataCollectionRunSettings><DataCollectors><DataCollector friendlyName="blame" enabled="True"><Configuration><ResultsDirectory>C:\Users\zheny\source\repos\SCMS.API\SCMS.Tests\bin\Debug\netcoreapp3.1\fine-code-coverage\coverage-tool-output</ResultsDirectory></Configuration></DataCollector></DataCollectors></DataCollectionRunSettings></RunSettings> and sources System.Linq.Enumerable+Concat2Iterator`1[System.String]: 
TpTrace Verbose: 0 : 596, 4, 2021/12/15, 15:53:55.964, 9766935185, vstest.console.dll, DataCollectionRequestSender.SendBeforeTestRunStartAndGetResult : Received message: (DataCollection.SendMessage) -> {
  "FriendlyName": null,
  "Uri": null,
  "TestCaseId": "00000000-0000-0000-0000-000000000000",
  "Message": "Logging DataCollector Diagnostics in file: C:\\Users\\zheny\\source\\repos\\SCMS.API\\SCMS.Tests\\bin\\Debug\\netcoreapp3.1\\fine-code-coverage\\coverage-tool-output\\diagnostics.datacollector.21-12-15_15-53-55_30872_4.log",
  "Level": 0
}
TpTrace Information: 0 : 596, 4, 2021/12/15, 15:53:55.978, 9767076082, vstest.console.dll, AssemblyResolver.OnResolve: Microsoft.VisualStudio.TestPlatform.Common.resources: Resolving assembly.
TpTrace Information: 0 : 596, 4, 2021/12/15, 15:53:55.979, 9767078076, vstest.console.dll, AssemblyResolver.OnResolve: Microsoft.VisualStudio.TestPlatform.Common.resources: Searching in: 'C:\Program Files\dotnet\sdk\5.0.401\Extensions'.
TpTrace Information: 0 : 596, 4, 2021/12/15, 15:53:55.979, 9767080264, vstest.console.dll, AssemblyResolver.OnResolve: Microsoft.VisualStudio.TestPlatform.Common.resources: Assembly path does not exist: 'C:\Program Files\dotnet\sdk\5.0.401\Extensions\Microsoft.VisualStudio.TestPlatform.Common.resources.dll', returning.
TpTrace Information: 0 : 596, 4, 2021/12/15, 15:53:55.979, 9767082127, vstest.console.dll, AssemblyResolver.OnResolve: Microsoft.VisualStudio.TestPlatform.Common.resources: Assembly path does not exist: 'C:\Program Files\dotnet\sdk\5.0.401\Extensions\Microsoft.VisualStudio.TestPlatform.Common.resources.exe', returning.
TpTrace Information: 0 : 596, 4, 2021/12/15, 15:53:55.979, 9767083027, vstest.console.dll, AssemblyResolver.OnResolve: Microsoft.VisualStudio.TestPlatform.Common.resources: Searching in: 'C:\Program Files\dotnet\sdk\5.0.401'.
TpTrace Information: 0 : 596, 4, 2021/12/15, 15:53:55.979, 9767084763, vstest.console.dll, AssemblyResolver.OnResolve: Microsoft.VisualStudio.TestPlatform.Common.resources: Assembly path does not exist: 'C:\Program Files\dotnet\sdk\5.0.401\Microsoft.VisualStudio.TestPlatform.Common.resources.dll', returning.
TpTrace Information: 0 : 596, 4, 2021/12/15, 15:53:55.979, 9767086458, vstest.console.dll, AssemblyResolver.OnResolve: Microsoft.VisualStudio.TestPlatform.Common.resources: Assembly path does not exist: 'C:\Program Files\dotnet\sdk\5.0.401\Microsoft.VisualStudio.TestPlatform.Common.resources.exe', returning.
TpTrace Information: 0 : 596, 4, 2021/12/15, 15:53:55.979, 9767087331, vstest.console.dll, AssemblyResolver.OnResolve: Microsoft.VisualStudio.TestPlatform.Common.resources: Failed to load assembly.
TpTrace Verbose: 0 : 596, 4, 2021/12/15, 15:53:56.145, 9768747471, vstest.console.dll, DataCollectionRequestSender.SendBeforeTestRunStartAndGetResult : Received message: (DataCollection.BeforeTestRunStartResult) -> {
  "EnvironmentVariables": {},
  "DataCollectionEventsPort": 59240
}
TpTrace Information: 0 : 596, 4, 2021/12/15, 15:53:56.158, 9768871902, vstest.console.dll, ProxyDataCollectionManager.BeforeTestRunStart: SendBeforeTestRunStartAndGetResult successful, env variable from datacollector:   and testhost port: 59240
TpTrace Information: 0 : 596, 4, 2021/12/15, 15:53:56.158, 9768874524, vstest.console.dll, ProxyDataCollectionManager.InvokeDataCollectionServiceAction: Completed.
TpTrace Verbose: 0 : 596, 1, 2021/12/15, 15:53:56.159, 9768879086, vstest.console.dll, TestRunRequest.ExecuteAsync: Creating test run request.
TpTrace Verbose: 0 : 596, 1, 2021/12/15, 15:53:56.161, 9768905232, vstest.console.dll, TestRunRequest.ExecuteAsync: Starting.
TpTrace Information: 0 : 596, 1, 2021/12/15, 15:53:56.162, 9768914479, vstest.console.dll, TestRunRequest.ExecuteAsync: Starting run with settings:TestRunCriteria:
   KeepAlive=False,FrequencyOfRunStatsChangeEvent=10,RunStatsChangeEventTimeout=00:00:01.5000000,TestCaseFilter=,TestExecutorLauncher=
   Settingsxml=<RunSettings>
  <RunConfiguration>
    <ResultsDirectory>C:\Users\zheny\source\repos\SCMS.API\SCMS.Tests\bin\Debug\netcoreapp3.1\fine-code-coverage\coverage-tool-output</ResultsDirectory>
    <TargetPlatform>X64</TargetPlatform>
    <TargetFrameworkVersion>.NETCoreApp,Version=v3.1</TargetFrameworkVersion>
    <DesignMode>False</DesignMode>
    <CollectSourceInformation>False</CollectSourceInformation>
  </RunConfiguration>
  <LoggerRunSettings>
    <Loggers>
      <Logger friendlyName="blame" enabled="True" />
      <Logger friendlyName="Console" uri="logger://microsoft/TestPlatform/ConsoleLogger/v1" assemblyQualifiedName="Microsoft.VisualStudio.TestPlatform.CommandLine.Internal.ConsoleLogger, vstest.console, Version=15.0.0.0, Culture=neutral, PublicKeyToken=b03f5f7f11d50a3a" codeBase="C:\Program Files\dotnet\sdk\5.0.401\vstest.console.dll" enabled="True" />
    </Loggers>
  </LoggerRunSettings>
  <DataCollectionRunSettings>
    <DataCollectors>
      <DataCollector friendlyName="blame" enabled="True">
        <Configuration>
          <ResultsDirectory>C:\Users\zheny\source\repos\SCMS.API\SCMS.Tests\bin\Debug\netcoreapp3.1\fine-code-coverage\coverage-tool-output</ResultsDirectory>
        </Configuration>
      </DataCollector>
    </DataCollectors>
  </DataCollectionRunSettings>
</RunSettings>

TpTrace Verbose: 0 : 596, 1, 2021/12/15, 15:53:56.162, 9768916792, vstest.console.dll, TestRunRequest.ExecuteAsync: Wait for the first run request is over.
TpTrace Verbose: 0 : 596, 1, 2021/12/15, 15:53:56.164, 9768929262, vstest.console.dll, ParallelProxyExecutionManager: Start execution. Total sources: 1
TpTrace Information: 0 : 596, 1, 2021/12/15, 15:53:56.165, 9768946260, vstest.console.dll, ProxyParallelExecutionManager: Triggering test run for next source: C:\Users\zheny\source\repos\SCMS.API\SCMS.Tests\bin\Debug\netcoreapp3.1\fine-code-coverage\build-output\SCMS.Tests.dll
TpTrace Verbose: 0 : 596, 4, 2021/12/15, 15:53:56.166, 9768951602, vstest.console.dll, ParallelProxyExecutionManager: Execution started. Started clients: 1
TpTrace Verbose: 0 : 596, 1, 2021/12/15, 15:53:56.166, 9768952643, vstest.console.dll, ProxyParallelExecutionManager: No sources available for execution.
TpTrace Information: 0 : 596, 1, 2021/12/15, 15:53:56.166, 9768954803, vstest.console.dll, TestRunRequest.ExecuteAsync: Started.
TpTrace Verbose: 0 : 596, 1, 2021/12/15, 15:53:56.166, 9768957033, vstest.console.dll, TestRunRequest.WaitForCompletion: Waiting with timeout -1.
TpTrace Verbose: 0 : 596, 4, 2021/12/15, 15:53:56.167, 9768961836, vstest.console.dll, TestRunRequest:SendTestRunMessage: Starting.
TpTrace Information: 0 : 596, 4, 2021/12/15, 15:53:56.167, 9768965779, vstest.console.dll, TestRunRequest:SendTestRunMessage: Completed.
TpTrace Verbose: 0 : 596, 4, 2021/12/15, 15:53:56.168, 9768972538, vstest.console.dll, ProxyExecutionManager: Test host is always Lazy initialize.
TpTrace Verbose: 0 : 596, 4, 2021/12/15, 15:53:56.169, 9768980011, vstest.console.dll, TestRequestSender.InitializeCommunication: initialize communication. 
TpTrace Information: 0 : 596, 4, 2021/12/15, 15:53:56.170, 9768993622, vstest.console.dll, SocketServer.Start: Listening on endpoint : 127.0.0.1:59241
TpTrace Verbose: 0 : 596, 4, 2021/12/15, 15:53:56.172, 9769016503, vstest.console.dll, DotnetTestHostmanager: Adding  --runtimeconfig "C:\Users\zheny\source\repos\SCMS.API\SCMS.Tests\bin\Debug\netcoreapp3.1\fine-code-coverage\build-output\SCMS.Tests.runtimeconfig.json" in args
TpTrace Verbose: 0 : 596, 4, 2021/12/15, 15:53:56.173, 9769021064, vstest.console.dll, DotnetTestHostmanager: Adding  --depsfile "C:\Users\zheny\source\repos\SCMS.API\SCMS.Tests\bin\Debug\netcoreapp3.1\fine-code-coverage\build-output\SCMS.Tests.deps.json" in args
TpTrace Verbose: 0 : 596, 4, 2021/12/15, 15:53:56.174, 9769027828, vstest.console.dll, DotnetTestHostManager: Testhost.exe/testhost.x86.exe found at path: C:\Users\zheny\source\repos\SCMS.API\SCMS.Tests\bin\Debug\netcoreapp3.1\fine-code-coverage\build-output\testhost.exe
TpTrace Verbose: 0 : 596, 4, 2021/12/15, 15:53:56.174, 9769029851, vstest.console.dll, DotnetTestHostmanager: Full path of host exe is C:\Users\zheny\source\repos\SCMS.API\SCMS.Tests\bin\Debug\netcoreapp3.1\fine-code-coverage\build-output\testhost.exe
TpTrace Verbose: 0 : 596, 6, 2021/12/15, 15:53:56.177, 9769058080, vstest.console.dll, DotnetTestHostManager: Starting process 'C:\Users\zheny\source\repos\SCMS.API\SCMS.Tests\bin\Debug\netcoreapp3.1\fine-code-coverage\build-output\testhost.exe' with command line ' --runtimeconfig "C:\Users\zheny\source\repos\SCMS.API\SCMS.Tests\bin\Debug\netcoreapp3.1\fine-code-coverage\build-output\SCMS.Tests.runtimeconfig.json" --depsfile "C:\Users\zheny\source\repos\SCMS.API\SCMS.Tests\bin\Debug\netcoreapp3.1\fine-code-coverage\build-output\SCMS.Tests.deps.json" --port 59241 --endpoint 127.0.0.1:059241 --role client --parentprocessid 596 --diag "C:\Users\zheny\source\repos\SCMS.API\SCMS.Tests\bin\Debug\netcoreapp3.1\fine-code-coverage\coverage-tool-output\diagnostics.host.21-12-15_15-53-56_17154_4.log" --tracelevel 4 --datacollectionport 59240 --telemetryoptedin false'
TpTrace Verbose: 0 : 596, 6, 2021/12/15, 15:53:56.201, 9769306563, vstest.console.dll, Test Runtime launched
TpTrace Verbose: 0 : 596, 4, 2021/12/15, 15:53:56.203, 9769326463, vstest.console.dll, TestRequestSender.WaitForRequestHandlerConnection: waiting for connection with timeout: 90000
TpTrace Verbose: 0 : 596, 6, 2021/12/15, 15:53:56.753, 9774826032, vstest.console.dll, SocketServer.OnClientConnected: Client connected for endPoint: 127.0.0.1:59241, starting MessageLoopAsync:
TpTrace Verbose: 0 : 596, 6, 2021/12/15, 15:53:56.754, 9774831099, vstest.console.dll, TcpClientExtensions.MessageLoopAsync: Polling on remoteEndPoint: 127.0.0.1:59242 localEndPoint: 127.0.0.1:59241
TpTrace Verbose: 0 : 596, 6, 2021/12/15, 15:53:57.051, 9777806054, vstest.console.dll, TcpClientExtensions.MessageLoopAsync: NotifyDataAvailable remoteEndPoint: 127.0.0.1:59242 localEndPoint: 127.0.0.1:59241
TpTrace Verbose: 0 : 596, 6, 2021/12/15, 15:53:57.052, 9777810804, vstest.console.dll, TestRequestSender.CheckVersionWithTestHost: onMessageReceived received message: (ProtocolVersion) -> 5
TpTrace Verbose: 0 : 596, 6, 2021/12/15, 15:53:57.053, 9777817939, vstest.console.dll, TcpClientExtensions.MessageLoopAsync: Polling on remoteEndPoint: 127.0.0.1:59242 localEndPoint: 127.0.0.1:59241
TpTrace Verbose: 0 : 596, 4, 2021/12/15, 15:53:57.053, 9777820219, vstest.console.dll, TestPluginCache.GetExtensionPaths: Filtered extension paths: 
TpTrace Verbose: 0 : 596, 4, 2021/12/15, 15:53:57.053, 9777821485, vstest.console.dll, TestPluginCache.GetExtensionPaths: Added default extension paths: C:\Program Files\dotnet\sdk\5.0.401\Extensions\Microsoft.Diagnostics.NETCore.Client.dll
C:\Program Files\dotnet\sdk\5.0.401\Extensions\Microsoft.TestPlatform.Extensions.BlameDataCollector.dll
C:\Program Files\dotnet\sdk\5.0.401\Extensions\Microsoft.TestPlatform.Extensions.EventLogCollector.dll
C:\Program Files\dotnet\sdk\5.0.401\Extensions\Microsoft.TestPlatform.TestHostRuntimeProvider.dll
C:\Program Files\dotnet\sdk\5.0.401\Extensions\Microsoft.VisualStudio.TestPlatform.Extensions.Html.TestLogger.dll
C:\Program Files\dotnet\sdk\5.0.401\Extensions\Microsoft.VisualStudio.TestPlatform.Extensions.Trx.TestLogger.dll
TpTrace Verbose: 0 : 596, 4, 2021/12/15, 15:53:57.053, 9777822559, vstest.console.dll, TestPluginCache.GetExtensionPaths: Added unfilterableExtensionPaths: 
TpTrace Verbose: 0 : 596, 4, 2021/12/15, 15:53:57.060, 9777889136, vstest.console.dll, TestRequestSender.InitializeExecution: Sending initializing execution with message: {"Version":5,"MessageType":"TestExecution.Initialize","Payload":["C:\\Users\\zheny\\source\\repos\\SCMS.API\\SCMS.Tests\\bin\\Debug\\netcoreapp3.1\\fine-code-coverage\\build-output\\NUnit3.TestAdapter.dll"]}
TpTrace Verbose: 0 : 596, 4, 2021/12/15, 15:53:57.077, 9778065605, vstest.console.dll, TestRequestSender.StartTestRun: Sending test run with message: {"Version":5,"MessageType":"TestExecution.StartWithSources","Payload":{"AdapterSourceMap":{"_none_":["C:\\Users\\zheny\\source\\repos\\SCMS.API\\SCMS.Tests\\bin\\Debug\\netcoreapp3.1\\fine-code-coverage\\build-output\\SCMS.Tests.dll"]},"RunSettings":"<RunSettings>\r\n  <RunConfiguration>\r\n    <ResultsDirectory>C:\\Users\\zheny\\source\\repos\\SCMS.API\\SCMS.Tests\\bin\\Debug\\netcoreapp3.1\\fine-code-coverage\\coverage-tool-output</ResultsDirectory>\r\n    <TargetPlatform>X64</TargetPlatform>\r\n    <TargetFrameworkVersion>.NETCoreApp,Version=v3.1</TargetFrameworkVersion>\r\n    <DesignMode>False</DesignMode>\r\n    <CollectSourceInformation>False</CollectSourceInformation>\r\n  </RunConfiguration>\r\n  <LoggerRunSettings>\r\n    <Loggers>\r\n      <Logger friendlyName=\"blame\" enabled=\"True\" />\r\n      <Logger friendlyName=\"Console\" uri=\"logger://microsoft/TestPlatform/ConsoleLogger/v1\" assemblyQualifiedName=\"Microsoft.VisualStudio.TestPlatform.CommandLine.Internal.ConsoleLogger, vstest.console, Version=15.0.0.0, Culture=neutral, PublicKeyToken=b03f5f7f11d50a3a\" codeBase=\"C:\\Program Files\\dotnet\\sdk\\5.0.401\\vstest.console.dll\" enabled=\"True\" />\r\n    </Loggers>\r\n  </LoggerRunSettings>\r\n  <DataCollectionRunSettings>\r\n    <DataCollectors>\r\n      <DataCollector friendlyName=\"blame\" enabled=\"True\">\r\n        <Configuration>\r\n          <ResultsDirectory>C:\\Users\\zheny\\source\\repos\\SCMS.API\\SCMS.Tests\\bin\\Debug\\netcoreapp3.1\\fine-code-coverage\\coverage-tool-output</ResultsDirectory>\r\n        </Configuration>\r\n      </DataCollector>\r\n    </DataCollectors>\r\n  </DataCollectionRunSettings>\r\n</RunSettings>","TestExecutionContext":{"FrequencyOfRunStatsChangeEvent":10,"RunStatsChangeEventTimeout":"00:00:01.5000000","InIsolation":false,"KeepAlive":false,"AreTestCaseLevelEventsRequired":false,"IsDebug":false,"TestCaseFilter":null,"FilterOptions":null},"Package":null}}
TpTrace Verbose: 0 : 596, 6, 2021/12/15, 15:53:57.083, 9778120539, vstest.console.dll, TcpClientExtensions.MessageLoopAsync: NotifyDataAvailable remoteEndPoint: 127.0.0.1:59242 localEndPoint: 127.0.0.1:59241
TpTrace Verbose: 0 : 596, 6, 2021/12/15, 15:53:57.083, 9778123161, vstest.console.dll, TestRequestSender.OnExecutionMessageReceived: Received message: {"Version":5,"MessageType":"TestSession.Message","Payload":{"MessageLevel":0,"Message":"Rejestrowanie diagnostyki TestHost w pliku: C:\\Users\\zheny\\source\\repos\\SCMS.API\\SCMS.Tests\\bin\\Debug\\netcoreapp3.1\\fine-code-coverage\\coverage-tool-output\\diagnostics.host.21-12-15_15-53-56_17154_4.log"}}
TpTrace Verbose: 0 : 596, 6, 2021/12/15, 15:53:57.097, 9778262123, vstest.console.dll, TestRunRequest:SendTestRunMessage: Starting.
TpTrace Information: 0 : 596, 6, 2021/12/15, 15:53:57.097, 9778264530, vstest.console.dll, TestRunRequest:SendTestRunMessage: Completed.
TpTrace Verbose: 0 : 596, 6, 2021/12/15, 15:53:57.097, 9778265449, vstest.console.dll, TcpClientExtensions.MessageLoopAsync: Polling on remoteEndPoint: 127.0.0.1:59242 localEndPoint: 127.0.0.1:59241
TpTrace Verbose: 0 : 596, 6, 2021/12/15, 15:53:57.412, 9781408794, vstest.console.dll, TcpClientExtensions.MessageLoopAsync: NotifyDataAvailable remoteEndPoint: 127.0.0.1:59242 localEndPoint: 127.0.0.1:59241
TpTrace Verbose: 0 : 596, 6, 2021/12/15, 15:53:57.412, 9781410834, vstest.console.dll, TestRequestSender.OnExecutionMessageReceived: Received message: {"Version":5,"MessageType":"TestSession.Message","Payload":{"MessageLevel":0,"Message":"NUnit Adapter 3.17.0.0: Test execution started"}}
TpTrace Verbose: 0 : 596, 6, 2021/12/15, 15:53:57.412, 9781414815, vstest.console.dll, TestRunRequest:SendTestRunMessage: Starting.
TpTrace Information: 0 : 596, 6, 2021/12/15, 15:53:57.412, 9781415913, vstest.console.dll, TestRunRequest:SendTestRunMessage: Completed.
TpTrace Verbose: 0 : 596, 6, 2021/12/15, 15:53:57.412, 9781416671, vstest.console.dll, TcpClientExtensions.MessageLoopAsync: Polling on remoteEndPoint: 127.0.0.1:59242 localEndPoint: 127.0.0.1:59241
TpTrace Verbose: 0 : 596, 6, 2021/12/15, 15:53:57.459, 9781885973, vstest.console.dll, TcpClientExtensions.MessageLoopAsync: NotifyDataAvailable remoteEndPoint: 127.0.0.1:59242 localEndPoint: 127.0.0.1:59241
TpTrace Verbose: 0 : 596, 6, 2021/12/15, 15:53:57.459, 9781887287, vstest.console.dll, TestRequestSender.OnExecutionMessageReceived: Received message: {"Version":5,"MessageType":"TestSession.Message","Payload":{"MessageLevel":0,"Message":"Running all tests in C:\\Users\\zheny\\source\\repos\\SCMS.API\\SCMS.Tests\\bin\\Debug\\netcoreapp3.1\\fine-code-coverage\\build-output\\SCMS.Tests.dll"}}
TpTrace Verbose: 0 : 596, 6, 2021/12/15, 15:53:57.460, 9781889345, vstest.console.dll, TestRunRequest:SendTestRunMessage: Starting.
TpTrace Information: 0 : 596, 6, 2021/12/15, 15:53:57.460, 9781890066, vstest.console.dll, TestRunRequest:SendTestRunMessage: Completed.
TpTrace Verbose: 0 : 596, 6, 2021/12/15, 15:53:57.460, 9781890602, vstest.console.dll, TcpClientExtensions.MessageLoopAsync: Polling on remoteEndPoint: 127.0.0.1:59242 localEndPoint: 127.0.0.1:59241
TpTrace Verbose: 0 : 596, 6, 2021/12/15, 15:53:57.888, 9786176721, vstest.console.dll, TcpClientExtensions.MessageLoopAsync: NotifyDataAvailable remoteEndPoint: 127.0.0.1:59242 localEndPoint: 127.0.0.1:59241
TpTrace Verbose: 0 : 596, 6, 2021/12/15, 15:53:57.889, 9786179141, vstest.console.dll, TestRequestSender.OnExecutionMessageReceived: Received message: {"Version":5,"MessageType":"TestSession.Message","Payload":{"MessageLevel":0,"Message":"   NUnit3TestExecutor discovered 92 of 92 NUnit test cases"}}
TpTrace Verbose: 0 : 596, 6, 2021/12/15, 15:53:57.889, 9786182193, vstest.console.dll, TestRunRequest:SendTestRunMessage: Starting.
TpTrace Information: 0 : 596, 6, 2021/12/15, 15:53:57.889, 9786183364, vstest.console.dll, TestRunRequest:SendTestRunMessage: Completed.
TpTrace Verbose: 0 : 596, 6, 2021/12/15, 15:53:57.889, 9786184162, vstest.console.dll, TcpClientExtensions.MessageLoopAsync: Polling on remoteEndPoint: 127.0.0.1:59242 localEndPoint: 127.0.0.1:59241
TpTrace Verbose: 0 : 596, 6, 2021/12/15, 15:53:58.645, 9793746221, vstest.console.dll, TcpClientExtensions.MessageLoopAsync: NotifyDataAvailable remoteEndPoint: 127.0.0.1:59242 localEndPoint: 127.0.0.1:59241
TpTrace Verbose: 0 : 596, 6, 2021/12/15, 15:53:58.646, 9793751033, vstest.console.dll, TestRequestSender.OnExecutionMessageReceived: Received message: {"Version":5,"MessageType":"TestExecution.StatsChange","Payload":{"NewTestResults":[{"TestCase":{"Id":"8c4358d7-afa9-9b15-af0a-87497e2375a6","FullyQualifiedName":"SCMS.Tests.Controllers.ActivitiesControllerTests.DeleteActivity_Should_DeleteActivity","DisplayName":"DeleteActivity_Should_DeleteActivity","ExecutorUri":"executor://NUnit3TestExecutor","Source":"C:\\Users\\zheny\\source\\repos\\SCMS.API\\SCMS.Tests\\bin\\Debug\\netcoreapp3.1\\fine-code-coverage\\build-output\\SCMS.Tests.dll","CodeFilePath":null,"LineNumber":0,"Properties":[]},"Attachments":[],"Outcome":1,"ErrorMessage":null,"ErrorStackTrace":null,"DisplayName":"DeleteActivity_Should_DeleteActivity","Messages":[],"ComputerName":"DESKTOP-R0QM1IU","Duration":"00:00:00.4705650","StartTime":"2021-12-15T14:53:57.9526927+00:00","EndTime":"2021-12-15T14:53:58.4231286+00:00","Properties":[]},{"TestCase":{"Id":"c23fd7af-f4d9-b762-d0dc-1f6375af07e0","FullyQualifiedName":"SCMS.Tests.Controllers.ActivitiesControllerTests.GetActivities_Should_ReturnActivities","DisplayName":"GetActivities_Should_ReturnActivities","ExecutorUri":"executor://NUnit3TestExecutor","Source":"C:\\Users\\zheny\\source\\repos\\SCMS.API\\SCMS.Tests\\bin\\Debug\\netcoreapp3.1\\fine-code-coverage\\build-output\\SCMS.Tests.dll","CodeFilePath":null,"LineNumber":0,"Properties":[]},"Attachments":[],"Outcome":1,"ErrorMessage":null,"ErrorStackTrace":null,"DisplayName":"GetActivities_Should_ReturnActivities","Messages":[],"ComputerName":"DESKTOP-R0QM1IU","Duration":"00:00:00.0058540","StartTime":"2021-12-15T14:53:58.4253931+00:00","EndTime":"2021-12-15T14:53:58.4312383+00:00","Properties":[]},{"TestCase":{"Id":"7c851dce-a755-00c0-3fcd-b3af813ea750","FullyQualifiedName":"SCMS.Tests.Controllers.ActivitiesControllerTests.GetActivity_Should_ReturnActivity","DisplayName":"GetActivity_Should_ReturnActivity","ExecutorUri":"executor://NUnit3TestExecutor","Source":"C:\\Users\\zheny\\source\\repos\\SCMS.API\\SCMS.Tests\\bin\\Debug\\netcoreapp3.1\\fine-code-coverage\\build-output\\SCMS.Tests.dll","CodeFilePath":null,"LineNumber":0,"Properties":[]},"Attachments":[],"Outcome":1,"ErrorMessage":null,"ErrorStackTrace":null,"DisplayName":"GetActivity_Should_ReturnActivity","Messages":[],"ComputerName":"DESKTOP-R0QM1IU","Duration":"00:00:00.0197309","StartTime":"2021-12-15T14:53:58.4312921+00:00","EndTime":"2021-12-15T14:53:58.4510212+00:00","Properties":[]},{"TestCase":{"Id":"658ebd1c-3833-cf22-768a-aeea0d74ea29","FullyQualifiedName":"SCMS.Tests.Controllers.ActivitiesControllerTests.PostActivity_Should_AddActivity","DisplayName":"PostActivity_Should_AddActivity","ExecutorUri":"executor://NUnit3TestExecutor","Source":"C:\\Users\\zheny\\source\\repos\\SCMS.API\\SCMS.Tests\\bin\\Debug\\netcoreapp3.1\\fine-code-coverage\\build-output\\SCMS.Tests.dll","CodeFilePath":null,"LineNumber":0,"Properties":[]},"Attachments":[],"Outcome":1,"ErrorMessage":null,"ErrorStackTrace":null,"DisplayName":"PostActivity_Should_AddActivity","Messages":[],"ComputerName":"DESKTOP-R0QM1IU","Duration":"00:00:00.0308570","StartTime":"2021-12-15T14:53:58.4510487+00:00","EndTime":"2021-12-15T14:53:58.4819015+00:00","Properties":[]},{"TestCase":{"Id":"d58050a5-3912-d912-d7e2-36b9a762800f","FullyQualifiedName":"SCMS.Tests.Controllers.ActivitiesControllerTests.PutActivity_Should_UpdateActivity","DisplayName":"PutActivity_Should_UpdateActivity","ExecutorUri":"executor://NUnit3TestExecutor","Source":"C:\\Users\\zheny\\source\\repos\\SCMS.API\\SCMS.Tests\\bin\\Debug\\netcoreapp3.1\\fine-code-coverage\\build-output\\SCMS.Tests.dll","CodeFilePath":null,"LineNumber":0,"Properties":[]},"Attachments":[],"Outcome":1,"ErrorMessage":null,"ErrorStackTrace":null,"DisplayName":"PutActivity_Should_UpdateActivity","Messages":[],"ComputerName":"DESKTOP-R0QM1IU","Duration":"00:00:00.0075320","StartTime":"2021-12-15T14:53:58.4819556+00:00","EndTime":"2021-12-15T14:53:58.4894859+00:00","Properties":[]},{"TestCase":{"Id":"dad0ffc4-d17d-d570-8bcb-5293b229a064","FullyQualifiedName":"SCMS.Tests.Controllers.AnnouncementsControllerTests.DeleteAnnouncement_Should_DeleteAnnouncement","DisplayName":"DeleteAnnouncement_Should_DeleteAnnouncement","ExecutorUri":"executor://NUnit3TestExecutor","Source":"C:\\Users\\zheny\\source\\repos\\SCMS.API\\SCMS.Tests\\bin\\Debug\\netcoreapp3.1\\fine-code-coverage\\build-output\\SCMS.Tests.dll","CodeFilePath":null,"LineNumber":0,"Properties":[]},"Attachments":[],"Outcome":1,"ErrorMessage":null,"ErrorStackTrace":null,"DisplayName":"DeleteAnnouncement_Should_DeleteAnnouncement","Messages":[],"ComputerName":"DESKTOP-R0QM1IU","Duration":"00:00:00.0484730","StartTime":"2021-12-15T14:53:58.4947776+00:00","EndTime":"2021-12-15T14:53:58.5432473+00:00","Properties":[]},{"TestCase":{"Id":"e2b081c4-a844-719e-7551-87592ec0c41e","FullyQualifiedName":"SCMS.Tests.Controllers.AnnouncementsControllerTests.GetAnnouncement_Should_ReturnAnnouncement","DisplayName":"GetAnnouncement_Should_ReturnAnnouncement","ExecutorUri":"executor://NUnit3TestExecutor","Source":"C:\\Users\\zheny\\source\\repos\\SCMS.API\\SCMS.Tests\\bin\\Debug\\netcoreapp3.1\\fine-code-coverage\\build-output\\SCMS.Tests.dll","CodeFilePath":null,"LineNumber":0,"Properties":[]},"Attachments":[],"Outcome":1,"ErrorMessage":null,"ErrorStackTrace":null,"DisplayName":"GetAnnouncement_Should_ReturnAnnouncement","Messages":[],"ComputerName":"DESKTOP-R0QM1IU","Duration":"00:00:00.0149080","StartTime":"2021-12-15T14:53:58.5432981+00:00","EndTime":"2021-12-15T14:53:58.5582035+00:00","Properties":[]},{"TestCase":{"Id":"9b3bbb1d-a8b1-eca1-0919-3ee1ba4f47d0","FullyQualifiedName":"SCMS.Tests.Controllers.AnnouncementsControllerTests.GetAnnouncements_Should_ReturnAnnouncements","DisplayName":"GetAnnouncements_Should_ReturnAnnouncements","ExecutorUri":"executor://NUnit3TestExecutor","Source":"C:\\Users\\zheny\\source\\repos\\SCMS.API\\SCMS.Tests\\bin\\Debug\\netcoreapp3.1\\fine-code-coverage\\build-output\\SCMS.Tests.dll","CodeFilePath":null,"LineNumber":0,"Properties":[]},"Attachments":[],"Outcome":1,"ErrorMessage":null,"ErrorStackTrace":null,"DisplayName":"GetAnnouncements_Should_ReturnAnnouncements","Messages":[],"ComputerName":"DESKTOP-R0QM1IU","Duration":"00:00:00.0089750","StartTime":"2021-12-15T14:53:58.5582514+00:00","EndTime":"2021-12-15T14:53:58.5672235+00:00","Properties":[]},{"TestCase":{"Id":"a21d953e-022c-5bb4-9440-7ba7151b5054","FullyQualifiedName":"SCMS.Tests.Controllers.AnnouncementsControllerTests.PostAnnouncement_Should_AddAnnouncement","DisplayName":"PostAnnouncement_Should_AddAnnouncement","ExecutorUri":"executor://NUnit3TestExecutor","Source":"C:\\Users\\zheny\\source\\repos\\SCMS.API\\SCMS.Tests\\bin\\Debug\\netcoreapp3.1\\fine-code-coverage\\build-output\\SCMS.Tests.dll","CodeFilePath":null,"LineNumber":0,"Properties":[]},"Attachments":[],"Outcome":1,"ErrorMessage":null,"ErrorStackTrace":null,"DisplayName":"PostAnnouncement_Should_AddAnnouncement","Messages":[],"ComputerName":"DESKTOP-R0QM1IU","Duration":"00:00:00.0116930","StartTime":"2021-12-15T14:53:58.5672745+00:00","EndTime":"2021-12-15T14:53:58.5789642+00:00","Properties":[]}],"TestRunStatistics":{"ExecutedTests":9,"Stats":{"Passed":9}},"ActiveTests":[{"Id":"2de85e9c-34f1-657c-55e0-fe5d9426e846","FullyQualifiedName":"SCMS.Tests.Controllers.AnnouncementsControllerTests.PutAnnouncement_Should_UpdateAnnouncement","DisplayName":"PutAnnouncement_Should_UpdateAnnouncement","ExecutorUri":"executor://NUnit3TestExecutor","Source":"C:\\Users\\zheny\\source\\repos\\SCMS.API\\SCMS.Tests\\bin\\Debug\\netcoreapp3.1\\fine-code-coverage\\build-output\\SCMS.Tests.dll","CodeFilePath":null,"LineNumber":0,"Properties":[]}]}}
TpTrace Verbose: 0 : 596, 6, 2021/12/15, 15:53:58.696, 9794253909, vstest.console.dll, TestRunRequest:SendTestRunStatsChange: Starting.
TpTrace Verbose: 0 : 596, 6, 2021/12/15, 15:53:58.696, 9794256176, vstest.console.dll, InProgress is PutAnnouncement_Should_UpdateAnnouncement
TpTrace Information: 0 : 596, 6, 2021/12/15, 15:53:58.697, 9794260330, vstest.console.dll, TestRunRequest:SendTestRunStatsChange: Completed.
TpTrace Verbose: 0 : 596, 6, 2021/12/15, 15:53:58.697, 9794261276, vstest.console.dll, TcpClientExtensions.MessageLoopAsync: Polling on remoteEndPoint: 127.0.0.1:59242 localEndPoint: 127.0.0.1:59241
TpTrace Verbose: 0 : 596, 6, 2021/12/15, 15:53:58.741, 9794704232, vstest.console.dll, TcpClientExtensions.MessageLoopAsync: NotifyDataAvailable remoteEndPoint: 127.0.0.1:59242 localEndPoint: 127.0.0.1:59241
TpTrace Verbose: 0 : 596, 6, 2021/12/15, 15:53:58.742, 9794707935, vstest.console.dll, TestRequestSender.OnExecutionMessageReceived: Received message: {"Version":5,"MessageType":"TestExecution.StatsChange","Payload":{"NewTestResults":[{"TestCase":{"Id":"2de85e9c-34f1-657c-55e0-fe5d9426e846","FullyQualifiedName":"SCMS.Tests.Controllers.AnnouncementsControllerTests.PutAnnouncement_Should_UpdateAnnouncement","DisplayName":"PutAnnouncement_Should_UpdateAnnouncement","ExecutorUri":"executor://NUnit3TestExecutor","Source":"C:\\Users\\zheny\\source\\repos\\SCMS.API\\SCMS.Tests\\bin\\Debug\\netcoreapp3.1\\fine-code-coverage\\build-output\\SCMS.Tests.dll","CodeFilePath":null,"LineNumber":0,"Properties":[]},"Attachments":[],"Outcome":1,"ErrorMessage":null,"ErrorStackTrace":null,"DisplayName":"PutAnnouncement_Should_UpdateAnnouncement","Messages":[],"ComputerName":"DESKTOP-R0QM1IU","Duration":"00:00:00.0086890","StartTime":"2021-12-15T14:53:58.579015+00:00","EndTime":"2021-12-15T14:53:58.587702+00:00","Properties":[]},{"TestCase":{"Id":"24772394-ea9e-1dae-a9a7-5058251a7904","FullyQualifiedName":"SCMS.Tests.Controllers.AuthenticationControllerTests.Login_Should_Login","DisplayName":"Login_Should_Login","ExecutorUri":"executor://NUnit3TestExecutor","Source":"C:\\Users\\zheny\\source\\repos\\SCMS.API\\SCMS.Tests\\bin\\Debug\\netcoreapp3.1\\fine-code-coverage\\build-output\\SCMS.Tests.dll","CodeFilePath":null,"LineNumber":0,"Properties":[]},"Attachments":[],"Outcome":1,"ErrorMessage":null,"ErrorStackTrace":null,"DisplayName":"Login_Should_Login","Messages":[],"ComputerName":"DESKTOP-R0QM1IU","Duration":"00:00:00.1066860","StartTime":"2021-12-15T14:53:58.5880621+00:00","EndTime":"2021-12-15T14:53:58.694745+00:00","Properties":[]},{"TestCase":{"Id":"da888bfa-9161-9d40-716a-698c48ee5dd3","FullyQualifiedName":"SCMS.Tests.Controllers.AuthenticationControllerTests.RegisterAdmin_Should_ShouldRegisterAdmin","DisplayName":"RegisterAdmin_Should_ShouldRegisterAdmin","ExecutorUri":"executor://NUnit3TestExecutor","Source":"C:\\Users\\zheny\\source\\repos\\SCMS.API\\SCMS.Tests\\bin\\Debug\\netcoreapp3.1\\fine-code-coverage\\build-output\\SCMS.Tests.dll","CodeFilePath":null,"LineNumber":0,"Properties":[]},"Attachments":[],"Outcome":1,"ErrorMessage":null,"ErrorStackTrace":null,"DisplayName":"RegisterAdmin_Should_ShouldRegisterAdmin","Messages":[],"ComputerName":"DESKTOP-R0QM1IU","Duration":"00:00:00.0013829","StartTime":"2021-12-15T14:53:58.6948033+00:00","EndTime":"2021-12-15T14:53:58.6961847+00:00","Properties":[]},{"TestCase":{"Id":"52f7a34a-b68a-104e-d81f-55e79d1d6539","FullyQualifiedName":"SCMS.Tests.Controllers.AuthenticationControllerTests.RegisterEmployee_Should_ShouldRegisterEmployee","DisplayName":"RegisterEmployee_Should_ShouldRegisterEmployee","ExecutorUri":"executor://NUnit3TestExecutor","Source":"C:\\Users\\zheny\\source\\repos\\SCMS.API\\SCMS.Tests\\bin\\Debug\\netcoreapp3.1\\fine-code-coverage\\build-output\\SCMS.Tests.dll","CodeFilePath":null,"LineNumber":0,"Properties":[]},"Attachments":[],"Outcome":1,"ErrorMessage":null,"ErrorStackTrace":null,"DisplayName":"RegisterEmployee_Should_ShouldRegisterEmployee","Messages":[],"ComputerName":"DESKTOP-R0QM1IU","Duration":"00:00:00.0011450","StartTime":"2021-12-15T14:53:58.6962162+00:00","EndTime":"2021-12-15T14:53:58.6973604+00:00","Properties":[]},{"TestCase":{"Id":"2dc19937-1d1e-6751-06e5-7e9611f7fde7","FullyQualifiedName":"SCMS.Tests.Controllers.AuthenticationControllerTests.RegisterUser_Should_ShouldRegisterUser","DisplayName":"RegisterUser_Should_ShouldRegisterUser","ExecutorUri":"executor://NUnit3TestExecutor","Source":"C:\\Users\\zheny\\source\\repos\\SCMS.API\\SCMS.Tests\\bin\\Debug\\netcoreapp3.1\\fine-code-coverage\\build-output\\SCMS.Tests.dll","CodeFilePath":null,"LineNumber":0,"Properties":[]},"Attachments":[],"Outcome":1,"ErrorMessage":null,"ErrorStackTrace":null,"DisplayName":"RegisterUser_Should_ShouldRegisterUser","Messages":[],"ComputerName":"DESKTOP-R0QM1IU","Duration":"00:00:00.0010680","StartTime":"2021-12-15T14:53:58.6973946+00:00","EndTime":"2021-12-15T14:53:58.6984614+00:00","Properties":[]},{"TestCase":{"Id":"464dc21f-11dd-3ef5-2795-bc1d62faee3f","FullyQualifiedName":"SCMS.Tests.Controllers.ClassesControllerTests.DeleteClass","DisplayName":"DeleteClass","ExecutorUri":"executor://NUnit3TestExecutor","Source":"C:\\Users\\zheny\\source\\repos\\SCMS.API\\SCMS.Tests\\bin\\Debug\\netcoreapp3.1\\fine-code-coverage\\build-output\\SCMS.Tests.dll","CodeFilePath":null,"LineNumber":0,"Properties":[]},"Attachments":[],"Outcome":1,"ErrorMessage":null,"ErrorStackTrace":null,"DisplayName":"DeleteClass","Messages":[],"ComputerName":"DESKTOP-R0QM1IU","Duration":"00:00:00.0010500","StartTime":"2021-12-15T14:53:58.6987691+00:00","EndTime":"2021-12-15T14:53:58.6998189+00:00","Properties":[]},{"TestCase":{"Id":"81c1cd22-a599-3299-474b-040b07a9fc02","FullyQualifiedName":"SCMS.Tests.Controllers.ClassesControllerTests.DeleteEnrollment","DisplayName":"DeleteEnrollment","ExecutorUri":"executor://NUnit3TestExecutor","Source":"C:\\Users\\zheny\\source\\repos\\SCMS.API\\SCMS.Tests\\bin\\Debug\\netcoreapp3.1\\fine-code-coverage\\build-output\\SCMS.Tests.dll","CodeFilePath":null,"LineNumber":0,"Properties":[]},"Attachments":[],"Outcome":1,"ErrorMessage":null,"ErrorStackTrace":null,"DisplayName":"DeleteEnrollment","Messages":[],"ComputerName":"DESKTOP-R0QM1IU","Duration":"00:00:00.0009480","StartTime":"2021-12-15T14:53:58.6998474+00:00","EndTime":"2021-12-15T14:53:58.7007941+00:00","Properties":[]},{"TestCase":{"Id":"2f64a7be-2ae4-05db-6be3-71a55a3b11bf","FullyQualifiedName":"SCMS.Tests.Controllers.ClassesControllerTests.Enroll","DisplayName":"Enroll","ExecutorUri":"executor://NUnit3TestExecutor","Source":"C:\\Users\\zheny\\source\\repos\\SCMS.API\\SCMS.Tests\\bin\\Debug\\netcoreapp3.1\\fine-code-coverage\\build-output\\SCMS.Tests.dll","CodeFilePath":null,"LineNumber":0,"Properties":[]},"Attachments":[],"Outcome":1,"ErrorMessage":null,"ErrorStackTrace":null,"DisplayName":"Enroll","Messages":[],"ComputerName":"DESKTOP-R0QM1IU","Duration":"00:00:00.0008940","StartTime":"2021-12-15T14:53:58.7008196+00:00","EndTime":"2021-12-15T14:53:58.7017121+00:00","Properties":[]},{"TestCase":{"Id":"df83f8c3-bf9f-4249-39bf-ec23a7e2499c","FullyQualifiedName":"SCMS.Tests.Controllers.ClassesControllerTests.GetClass","DisplayName":"GetClass","ExecutorUri":"executor://NUnit3TestExecutor","Source":"C:\\Users\\zheny\\source\\repos\\SCMS.API\\SCMS.Tests\\bin\\Debug\\netcoreapp3.1\\fine-code-coverage\\build-output\\SCMS.Tests.dll","CodeFilePath":null,"LineNumber":0,"Properties":[]},"Attachments":[],"Outcome":1,"ErrorMessage":null,"ErrorStackTrace":null,"DisplayName":"GetClass","Messages":[],"ComputerName":"DESKTOP-R0QM1IU","Duration":"00:00:00.0008840","StartTime":"2021-12-15T14:53:58.7017385+00:00","EndTime":"2021-12-15T14:53:58.7026212+00:00","Properties":[]}],"TestRunStatistics":{"ExecutedTests":18,"Stats":{"Passed":18}},"ActiveTests":[{"Id":"db128fbd-2e9c-a32a-240e-cc5cad51da8d","FullyQualifiedName":"SCMS.Tests.Controllers.ClassesControllerTests.GetClasses","DisplayName":"GetClasses","ExecutorUri":"executor://NUnit3TestExecutor","Source":"C:\\Users\\zheny\\source\\repos\\SCMS.API\\SCMS.Tests\\bin\\Debug\\netcoreapp3.1\\fine-code-coverage\\build-output\\SCMS.Tests.dll","CodeFilePath":null,"LineNumber":0,"Properties":[]}]}}
TpTrace Verbose: 0 : 596, 6, 2021/12/15, 15:53:58.745, 9794739790, vstest.console.dll, TestRunRequest:SendTestRunStatsChange: Starting.
TpTrace Verbose: 0 : 596, 6, 2021/12/15, 15:53:58.745, 9794740987, vstest.console.dll, InProgress is GetClasses
TpTrace Information: 0 : 596, 6, 2021/12/15, 15:53:58.745, 9794742386, vstest.console.dll, TestRunRequest:SendTestRunStatsChange: Completed.
TpTrace Verbose: 0 : 596, 6, 2021/12/15, 15:53:58.745, 9794743292, vstest.console.dll, TcpClientExtensions.MessageLoopAsync: Polling on remoteEndPoint: 127.0.0.1:59242 localEndPoint: 127.0.0.1:59241
TpTrace Verbose: 0 : 596, 6, 2021/12/15, 15:53:58.772, 9795014776, vstest.console.dll, TcpClientExtensions.MessageLoopAsync: NotifyDataAvailable remoteEndPoint: 127.0.0.1:59242 localEndPoint: 127.0.0.1:59241
TpTrace Verbose: 0 : 596, 6, 2021/12/15, 15:53:58.773, 9795019210, vstest.console.dll, TestRequestSender.OnExecutionMessageReceived: Received message: {"Version":5,"MessageType":"TestExecution.StatsChange","Payload":{"NewTestResults":[{"TestCase":{"Id":"db128fbd-2e9c-a32a-240e-cc5cad51da8d","FullyQualifiedName":"SCMS.Tests.Controllers.ClassesControllerTests.GetClasses","DisplayName":"GetClasses","ExecutorUri":"executor://NUnit3TestExecutor","Source":"C:\\Users\\zheny\\source\\repos\\SCMS.API\\SCMS.Tests\\bin\\Debug\\netcoreapp3.1\\fine-code-coverage\\build-output\\SCMS.Tests.dll","CodeFilePath":null,"LineNumber":0,"Properties":[]},"Attachments":[],"Outcome":1,"ErrorMessage":null,"ErrorStackTrace":null,"DisplayName":"GetClasses","Messages":[],"ComputerName":"DESKTOP-R0QM1IU","Duration":"00:00:00.0009100","StartTime":"2021-12-15T14:53:58.7026464+00:00","EndTime":"2021-12-15T14:53:58.7035549+00:00","Properties":[]},{"TestCase":{"Id":"1e41a4a9-8529-2f12-1673-1f405737448a","FullyQualifiedName":"SCMS.Tests.Controllers.ClassesControllerTests.GetClassesWeek","DisplayName":"GetClassesWeek","ExecutorUri":"executor://NUnit3TestExecutor","Source":"C:\\Users\\zheny\\source\\repos\\SCMS.API\\SCMS.Tests\\bin\\Debug\\netcoreapp3.1\\fine-code-coverage\\build-output\\SCMS.Tests.dll","CodeFilePath":null,"LineNumber":0,"Properties":[]},"Attachments":[],"Outcome":1,"ErrorMessage":null,"ErrorStackTrace":null,"DisplayName":"GetClassesWeek","Messages":[],"ComputerName":"DESKTOP-R0QM1IU","Duration":"00:00:00.0014270","StartTime":"2021-12-15T14:53:58.7035807+00:00","EndTime":"2021-12-15T14:53:58.7050055+00:00","Properties":[]},{"TestCase":{"Id":"0633c510-262d-3336-953e-df87eb64a8d4","FullyQualifiedName":"SCMS.Tests.Controllers.ClassesControllerTests.GetEnrolledUsers","DisplayName":"GetEnrolledUsers","ExecutorUri":"executor://NUnit3TestExecutor","Source":"C:\\Users\\zheny\\source\\repos\\SCMS.API\\SCMS.Tests\\bin\\Debug\\netcoreapp3.1\\fine-code-coverage\\build-output\\SCMS.Tests.dll","CodeFilePath":null,"LineNumber":0,"Properties":[]},"Attachments":[],"Outcome":1,"ErrorMessage":null,"ErrorStackTrace":null,"DisplayName":"GetEnrolledUsers","Messages":[],"ComputerName":"DESKTOP-R0QM1IU","Duration":"00:00:00.0010480","StartTime":"2021-12-15T14:53:58.7050416+00:00","EndTime":"2021-12-15T14:53:58.7060886+00:00","Properties":[]},{"TestCase":{"Id":"55c9cd9e-c8a9-8672-6809-c04a0c37fb60","FullyQualifiedName":"SCMS.Tests.Controllers.ClassesControllerTests.PostClass","DisplayName":"PostClass","ExecutorUri":"executor://NUnit3TestExecutor","Source":"C:\\Users\\zheny\\source\\repos\\SCMS.API\\SCMS.Tests\\bin\\Debug\\netcoreapp3.1\\fine-code-coverage\\build-output\\SCMS.Tests.dll","CodeFilePath":null,"LineNumber":0,"Properties":[]},"Attachments":[],"Outcome":1,"ErrorMessage":null,"ErrorStackTrace":null,"DisplayName":"PostClass","Messages":[],"ComputerName":"DESKTOP-R0QM1IU","Duration":"00:00:00.0009840","StartTime":"2021-12-15T14:53:58.7061181+00:00","EndTime":"2021-12-15T14:53:58.7071006+00:00","Properties":[]},{"TestCase":{"Id":"1e8bda79-91bd-ff85-79e5-a1b705ca3672","FullyQualifiedName":"SCMS.Tests.Controllers.ClassesControllerTests.PutClass","DisplayName":"PutClass","ExecutorUri":"executor://NUnit3TestExecutor","Source":"C:\\Users\\zheny\\source\\repos\\SCMS.API\\SCMS.Tests\\bin\\Debug\\netcoreapp3.1\\fine-code-coverage\\build-output\\SCMS.Tests.dll","CodeFilePath":null,"LineNumber":0,"Properties":[]},"Attachments":[],"Outcome":1,"ErrorMessage":null,"ErrorStackTrace":null,"DisplayName":"PutClass","Messages":[],"ComputerName":"DESKTOP-R0QM1IU","Duration":"00:00:00.0009640","StartTime":"2021-12-15T14:53:58.7071264+00:00","EndTime":"2021-12-15T14:53:58.708089+00:00","Properties":[]},{"TestCase":{"Id":"606cff43-7da6-cdd1-6a4c-fa9b368caf7e","FullyQualifiedName":"SCMS.Tests.Controllers.PacketsControllerTests.DeleteActivity_Should_DeleteActivity","DisplayName":"DeleteActivity_Should_DeleteActivity","ExecutorUri":"executor://NUnit3TestExecutor","Source":"C:\\Users\\zheny\\source\\repos\\SCMS.API\\SCMS.Tests\\bin\\Debug\\netcoreapp3.1\\fine-code-coverage\\build-output\\SCMS.Tests.dll","CodeFilePath":null,"LineNumber":0,"Properties":[]},"Attachments":[],"Outcome":1,"ErrorMessage":null,"ErrorStackTrace":null,"DisplayName":"DeleteActivity_Should_DeleteActivity","Messages":[],"ComputerName":"DESKTOP-R0QM1IU","Duration":"00:00:00.0309430","StartTime":"2021-12-15T14:53:58.7083862+00:00","EndTime":"2021-12-15T14:53:58.7393279+00:00","Properties":[]},{"TestCase":{"Id":"1fe6d36d-15ae-a88a-b5a9-d95ab735232e","FullyQualifiedName":"SCMS.Tests.Controllers.PacketsControllerTests.GetPacket_Should_ReturnPacket","DisplayName":"GetPacket_Should_ReturnPacket","ExecutorUri":"executor://NUnit3TestExecutor","Source":"C:\\Users\\zheny\\source\\repos\\SCMS.API\\SCMS.Tests\\bin\\Debug\\netcoreapp3.1\\fine-code-coverage\\build-output\\SCMS.Tests.dll","CodeFilePath":null,"LineNumber":0,"Properties":[]},"Attachments":[],"Outcome":1,"ErrorMessage":null,"ErrorStackTrace":null,"DisplayName":"GetPacket_Should_ReturnPacket","Messages":[],"ComputerName":"DESKTOP-R0QM1IU","Duration":"00:00:00.0076000","StartTime":"2021-12-15T14:53:58.7393612+00:00","EndTime":"2021-12-15T14:53:58.7469598+00:00","Properties":[]},{"TestCase":{"Id":"6e27500b-dcf3-b611-b45d-62b1779af573","FullyQualifiedName":"SCMS.Tests.Controllers.PacketsControllerTests.GetPackets_Should_ReturnPackets","DisplayName":"GetPackets_Should_ReturnPackets","ExecutorUri":"executor://NUnit3TestExecutor","Source":"C:\\Users\\zheny\\source\\repos\\SCMS.API\\SCMS.Tests\\bin\\Debug\\netcoreapp3.1\\fine-code-coverage\\build-output\\SCMS.Tests.dll","CodeFilePath":null,"LineNumber":0,"Properties":[]},"Attachments":[],"Outcome":1,"ErrorMessage":null,"ErrorStackTrace":null,"DisplayName":"GetPackets_Should_ReturnPackets","Messages":[],"ComputerName":"DESKTOP-R0QM1IU","Duration":"00:00:00.0070950","StartTime":"2021-12-15T14:53:58.7469932+00:00","EndTime":"2021-12-15T14:53:58.7540865+00:00","Properties":[]},{"TestCase":{"Id":"6e614f30-240b-3c95-cfd1-3ee2d14e0bbe","FullyQualifiedName":"SCMS.Tests.Controllers.PacketsControllerTests.PostPacket_Should_AddPacket","DisplayName":"PostPacket_Should_AddPacket","ExecutorUri":"executor://NUnit3TestExecutor","Source":"C:\\Users\\zheny\\source\\repos\\SCMS.API\\SCMS.Tests\\bin\\Debug\\netcoreapp3.1\\fine-code-coverage\\build-output\\SCMS.Tests.dll","CodeFilePath":null,"LineNumber":0,"Properties":[]},"Attachments":[],"Outcome":1,"ErrorMessage":null,"ErrorStackTrace":null,"DisplayName":"PostPacket_Should_AddPacket","Messages":[],"ComputerName":"DESKTOP-R0QM1IU","Duration":"00:00:00.0145370","StartTime":"2021-12-15T14:53:58.7541194+00:00","EndTime":"2021-12-15T14:53:58.7686547+00:00","Properties":[]}],"TestRunStatistics":{"ExecutedTests":27,"Stats":{"Passed":27}},"ActiveTests":[{"Id":"5f55a445-c61e-f4f4-8969-5b2aaafab95e","FullyQualifiedName":"SCMS.Tests.Controllers.PacketsControllerTests.PutPacket_Should_UpdateActivity","DisplayName":"PutPacket_Should_UpdateActivity","ExecutorUri":"executor://NUnit3TestExecutor","Source":"C:\\Users\\zheny\\source\\repos\\SCMS.API\\SCMS.Tests\\bin\\Debug\\netcoreapp3.1\\fine-code-coverage\\build-output\\SCMS.Tests.dll","CodeFilePath":null,"LineNumber":0,"Properties":[]}]}}
TpTrace Verbose: 0 : 596, 6, 2021/12/15, 15:53:58.775, 9795045287, vstest.console.dll, TestRunRequest:SendTestRunStatsChange: Starting.
TpTrace Verbose: 0 : 596, 6, 2021/12/15, 15:53:58.775, 9795046334, vstest.console.dll, InProgress is PutPacket_Should_UpdateActivity
TpTrace Information: 0 : 596, 6, 2021/12/15, 15:53:58.775, 9795047508, vstest.console.dll, TestRunRequest:SendTestRunStatsChange: Completed.
TpTrace Verbose: 0 : 596, 6, 2021/12/15, 15:53:58.776, 9795048210, vstest.console.dll, TcpClientExtensions.MessageLoopAsync: Polling on remoteEndPoint: 127.0.0.1:59242 localEndPoint: 127.0.0.1:59241
TpTrace Verbose: 0 : 596, 6, 2021/12/15, 15:53:58.831, 9795603425, vstest.console.dll, TcpClientExtensions.MessageLoopAsync: NotifyDataAvailable remoteEndPoint: 127.0.0.1:59242 localEndPoint: 127.0.0.1:59241
TpTrace Verbose: 0 : 596, 6, 2021/12/15, 15:53:58.832, 9795611262, vstest.console.dll, TestRequestSender.OnExecutionMessageReceived: Received message: {"Version":5,"MessageType":"TestExecution.StatsChange","Payload":{"NewTestResults":[{"TestCase":{"Id":"5f55a445-c61e-f4f4-8969-5b2aaafab95e","FullyQualifiedName":"SCMS.Tests.Controllers.PacketsControllerTests.PutPacket_Should_UpdateActivity","DisplayName":"PutPacket_Should_UpdateActivity","ExecutorUri":"executor://NUnit3TestExecutor","Source":"C:\\Users\\zheny\\source\\repos\\SCMS.API\\SCMS.Tests\\bin\\Debug\\netcoreapp3.1\\fine-code-coverage\\build-output\\SCMS.Tests.dll","CodeFilePath":null,"LineNumber":0,"Properties":[]},"Attachments":[],"Outcome":1,"ErrorMessage":null,"ErrorStackTrace":null,"DisplayName":"PutPacket_Should_UpdateActivity","Messages":[],"ComputerName":"DESKTOP-R0QM1IU","Duration":"00:00:00.0100590","StartTime":"2021-12-15T14:53:58.7687029+00:00","EndTime":"2021-12-15T14:53:58.7787593+00:00","Properties":[]},{"TestCase":{"Id":"45d78d8b-13c6-8a8d-0487-25535fd1b616","FullyQualifiedName":"SCMS.Tests.Controllers.PaymentControllerTests.Checkout","DisplayName":"Checkout","ExecutorUri":"executor://NUnit3TestExecutor","Source":"C:\\Users\\zheny\\source\\repos\\SCMS.API\\SCMS.Tests\\bin\\Debug\\netcoreapp3.1\\fine-code-coverage\\build-output\\SCMS.Tests.dll","CodeFilePath":null,"LineNumber":0,"Properties":[]},"Attachments":[],"Outcome":1,"ErrorMessage":null,"ErrorStackTrace":null,"DisplayName":"Checkout","Messages":[],"ComputerName":"DESKTOP-R0QM1IU","Duration":"00:00:00.0013850","StartTime":"2021-12-15T14:53:58.779044+00:00","EndTime":"2021-12-15T14:53:58.7804288+00:00","Properties":[]},{"TestCase":{"Id":"2dbe3fde-1fbb-6f4a-7620-daa7aa63213e","FullyQualifiedName":"SCMS.Tests.Controllers.ReportsControllerTests.GetReport","DisplayName":"GetReport","ExecutorUri":"executor://NUnit3TestExecutor","Source":"C:\\Users\\zheny\\source\\repos\\SCMS.API\\SCMS.Tests\\bin\\Debug\\netcoreapp3.1\\fine-code-coverage\\build-output\\SCMS.Tests.dll","CodeFilePath":null,"LineNumber":0,"Properties":[]},"Attachments":[],"Outcome":1,"ErrorMessage":null,"ErrorStackTrace":null,"DisplayName":"GetReport","Messages":[],"ComputerName":"DESKTOP-R0QM1IU","Duration":"00:00:00.0010300","StartTime":"2021-12-15T14:53:58.7806698+00:00","EndTime":"2021-12-15T14:53:58.7816999+00:00","Properties":[]},{"TestCase":{"Id":"674a144d-3f49-1f6e-8490-8f9424393e2c","FullyQualifiedName":"SCMS.Tests.Controllers.StreamChatControllerTests.AddToMainChannel","DisplayName":"AddToMainChannel","ExecutorUri":"executor://NUnit3TestExecutor","Source":"C:\\Users\\zheny\\source\\repos\\SCMS.API\\SCMS.Tests\\bin\\Debug\\netcoreapp3.1\\fine-code-coverage\\build-output\\SCMS.Tests.dll","CodeFilePath":null,"LineNumber":0,"Properties":[]},"Attachments":[],"Outcome":1,"ErrorMessage":null,"ErrorStackTrace":null,"DisplayName":"AddToMainChannel","Messages":[],"ComputerName":"DESKTOP-R0QM1IU","Duration":"00:00:00.0014560","StartTime":"2021-12-15T14:53:58.7819215+00:00","EndTime":"2021-12-15T14:53:58.7833773+00:00","Properties":[]},{"TestCase":{"Id":"af628624-5495-6a99-637a-02de59923d63","FullyQualifiedName":"SCMS.Tests.Controllers.StreamChatControllerTests.CreateChannelWithTrainer","DisplayName":"CreateChannelWithTrainer","ExecutorUri":"executor://NUnit3TestExecutor","Source":"C:\\Users\\zheny\\source\\repos\\SCMS.API\\SCMS.Tests\\bin\\Debug\\netcoreapp3.1\\fine-code-coverage\\build-output\\SCMS.Tests.dll","CodeFilePath":null,"LineNumber":0,"Properties":[]},"Attachments":[],"Outcome":1,"ErrorMessage":null,"ErrorStackTrace":null,"DisplayName":"CreateChannelWithTrainer","Messages":[],"ComputerName":"DESKTOP-R0QM1IU","Duration":"00:00:00.0010370","StartTime":"2021-12-15T14:53:58.78341+00:00","EndTime":"2021-12-15T14:53:58.7844458+00:00","Properties":[]},{"TestCase":{"Id":"71132bd6-baa4-f276-36c4-6c88f1b22aa9","FullyQualifiedName":"SCMS.Tests.Controllers.StreamChatControllerTests.GetToken","DisplayName":"GetToken","ExecutorUri":"executor://NUnit3TestExecutor","Source":"C:\\Users\\zheny\\source\\repos\\SCMS.API\\SCMS.Tests\\bin\\Debug\\netcoreapp3.1\\fine-code-coverage\\build-output\\SCMS.Tests.dll","CodeFilePath":null,"LineNumber":0,"Properties":[]},"Attachments":[],"Outcome":1,"ErrorMessage":null,"ErrorStackTrace":null,"DisplayName":"GetToken","Messages":[],"ComputerName":"DESKTOP-R0QM1IU","Duration":"00:00:00.0009880","StartTime":"2021-12-15T14:53:58.7844726+00:00","EndTime":"2021-12-15T14:53:58.7854594+00:00","Properties":[]},{"TestCase":{"Id":"c2ed98b2-afd2-129f-4b7b-489f07c2b19b","FullyQualifiedName":"SCMS.Tests.Controllers.StreamChatControllerTests.UpdateUserName","DisplayName":"UpdateUserName","ExecutorUri":"executor://NUnit3TestExecutor","Source":"C:\\Users\\zheny\\source\\repos\\SCMS.API\\SCMS.Tests\\bin\\Debug\\netcoreapp3.1\\fine-code-coverage\\build-output\\SCMS.Tests.dll","CodeFilePath":null,"LineNumber":0,"Properties":[]},"Attachments":[],"Outcome":1,"ErrorMessage":null,"ErrorStackTrace":null,"DisplayName":"UpdateUserName","Messages":[],"ComputerName":"DESKTOP-R0QM1IU","Duration":"00:00:00.0009250","StartTime":"2021-12-15T14:53:58.7854857+00:00","EndTime":"2021-12-15T14:53:58.7864094+00:00","Properties":[]},{"TestCase":{"Id":"ad9b9556-64ed-d461-c545-7a698444a0eb","FullyQualifiedName":"SCMS.Tests.Controllers.SubscriptionsControllerTests.DeleteSubscription","DisplayName":"DeleteSubscription","ExecutorUri":"executor://NUnit3TestExecutor","Source":"C:\\Users\\zheny\\source\\repos\\SCMS.API\\SCMS.Tests\\bin\\Debug\\netcoreapp3.1\\fine-code-coverage\\build-output\\SCMS.Tests.dll","CodeFilePath":null,"LineNumber":0,"Properties":[]},"Attachments":[],"Outcome":1,"ErrorMessage":null,"ErrorStackTrace":null,"DisplayName":"DeleteSubscription","Messages":[],"ComputerName":"DESKTOP-R0QM1IU","Duration":"00:00:00.0010010","StartTime":"2021-12-15T14:53:58.7866752+00:00","EndTime":"2021-12-15T14:53:58.7876762+00:00","Properties":[]},{"TestCase":{"Id":"9c0dc2be-90cd-615e-20fa-13b5e7164268","FullyQualifiedName":"SCMS.Tests.Controllers.SubscriptionsControllerTests.GetSubscription","DisplayName":"GetSubscription","ExecutorUri":"executor://NUnit3TestExecutor","Source":"C:\\Users\\zheny\\source\\repos\\SCMS.API\\SCMS.Tests\\bin\\Debug\\netcoreapp3.1\\fine-code-coverage\\build-output\\SCMS.Tests.dll","CodeFilePath":null,"LineNumber":0,"Properties":[]},"Attachments":[],"Outcome":1,"ErrorMessage":null,"ErrorStackTrace":null,"DisplayName":"GetSubscription","Messages":[],"ComputerName":"DESKTOP-R0QM1IU","Duration":"00:00:00.0009110","StartTime":"2021-12-15T14:53:58.7877022+00:00","EndTime":"2021-12-15T14:53:58.7886121+00:00","Properties":[]}],"TestRunStatistics":{"ExecutedTests":36,"Stats":{"Passed":36}},"ActiveTests":[{"Id":"584b7886-8448-b230-2f4c-5cddacfad968","FullyQualifiedName":"SCMS.Tests.Controllers.UsersControllerTests.DeleteUser_Should_DeleteUser","DisplayName":"DeleteUser_Should_DeleteUser","ExecutorUri":"executor://NUnit3TestExecutor","Source":"C:\\Users\\zheny\\source\\repos\\SCMS.API\\SCMS.Tests\\bin\\Debug\\netcoreapp3.1\\fine-code-coverage\\build-output\\SCMS.Tests.dll","CodeFilePath":null,"LineNumber":0,"Properties":[]}]}}
TpTrace Verbose: 0 : 596, 6, 2021/12/15, 15:53:58.839, 9795681194, vstest.console.dll, TestRunRequest:SendTestRunStatsChange: Starting.
TpTrace Verbose: 0 : 596, 6, 2021/12/15, 15:53:58.839, 9795683114, vstest.console.dll, InProgress is DeleteUser_Should_DeleteUser
TpTrace Information: 0 : 596, 6, 2021/12/15, 15:53:58.839, 9795685073, vstest.console.dll, TestRunRequest:SendTestRunStatsChange: Completed.
TpTrace Verbose: 0 : 596, 6, 2021/12/15, 15:53:58.839, 9795686527, vstest.console.dll, TcpClientExtensions.MessageLoopAsync: Polling on remoteEndPoint: 127.0.0.1:59242 localEndPoint: 127.0.0.1:59241
TpTrace Verbose: 0 : 596, 6, 2021/12/15, 15:53:59.840, 9805692231, vstest.console.dll, TcpClientExtensions.MessageLoopAsync: Polling on remoteEndPoint: 127.0.0.1:59242 localEndPoint: 127.0.0.1:59241
TpTrace Verbose: 0 : 596, 6, 2021/12/15, 15:54:00.333, 9810622490, vstest.console.dll, TcpClientExtensions.MessageLoopAsync: NotifyDataAvailable remoteEndPoint: 127.0.0.1:59242 localEndPoint: 127.0.0.1:59241
TpTrace Verbose: 0 : 596, 6, 2021/12/15, 15:54:00.333, 9810624028, vstest.console.dll, TestRequestSender.OnExecutionMessageReceived: Received message: {"Version":5,"MessageType":"TestSession.Message","Payload":{"MessageLevel":0,"Message":"info: Microsoft.Hosting.Lifetime[0]\r\n      Application started. Press Ctrl+C to shut down.\r\ninfo: Microsoft.Hosting.Lifetime[0]\r\n      Hosting environment: Development\r\ninfo: Microsoft.Hosting.Lifetime[0]\r\n      Content root path: C:\\Users\\zheny\\source\\repos\\SCMS.API\\SCMS.API\r\n"}}
TpTrace Verbose: 0 : 596, 6, 2021/12/15, 15:54:00.333, 9810627228, vstest.console.dll, TestRunRequest:SendTestRunMessage: Starting.
TpTrace Information: 0 : 596, 6, 2021/12/15, 15:54:00.334, 9810628460, vstest.console.dll, TestRunRequest:SendTestRunMessage: Completed.
TpTrace Verbose: 0 : 596, 6, 2021/12/15, 15:54:00.334, 9810629036, vstest.console.dll, TcpClientExtensions.MessageLoopAsync: Polling on remoteEndPoint: 127.0.0.1:59242 localEndPoint: 127.0.0.1:59241
TpTrace Verbose: 0 : 596, 6, 2021/12/15, 15:54:00.336, 9810652512, vstest.console.dll, TcpClientExtensions.MessageLoopAsync: NotifyDataAvailable remoteEndPoint: 127.0.0.1:59242 localEndPoint: 127.0.0.1:59241
TpTrace Verbose: 0 : 596, 6, 2021/12/15, 15:54:00.336, 9810654792, vstest.console.dll, TestRequestSender.OnExecutionMessageReceived: Received message: {"Version":5,"MessageType":"TestExecution.StatsChange","Payload":{"NewTestResults":[{"TestCase":{"Id":"584b7886-8448-b230-2f4c-5cddacfad968","FullyQualifiedName":"SCMS.Tests.Controllers.UsersControllerTests.DeleteUser_Should_DeleteUser","DisplayName":"DeleteUser_Should_DeleteUser","ExecutorUri":"executor://NUnit3TestExecutor","Source":"C:\\Users\\zheny\\source\\repos\\SCMS.API\\SCMS.Tests\\bin\\Debug\\netcoreapp3.1\\fine-code-coverage\\build-output\\SCMS.Tests.dll","CodeFilePath":null,"LineNumber":0,"Properties":[]},"Attachments":[],"Outcome":1,"ErrorMessage":null,"ErrorStackTrace":null,"DisplayName":"DeleteUser_Should_DeleteUser","Messages":[],"ComputerName":"DESKTOP-R0QM1IU","Duration":"00:00:00.0620260","StartTime":"2021-12-15T14:53:58.7888414+00:00","EndTime":"2021-12-15T14:53:58.8508593+00:00","Properties":[]},{"TestCase":{"Id":"4569d56d-62bb-2122-723d-9837991296db","FullyQualifiedName":"SCMS.Tests.Controllers.UsersControllerTests.GetUser_Should_ReturnUser","DisplayName":"GetUser_Should_ReturnUser","ExecutorUri":"executor://NUnit3TestExecutor","Source":"C:\\Users\\zheny\\source\\repos\\SCMS.API\\SCMS.Tests\\bin\\Debug\\netcoreapp3.1\\fine-code-coverage\\build-output\\SCMS.Tests.dll","CodeFilePath":null,"LineNumber":0,"Properties":[]},"Attachments":[],"Outcome":1,"ErrorMessage":null,"ErrorStackTrace":null,"DisplayName":"GetUser_Should_ReturnUser","Messages":[],"ComputerName":"DESKTOP-R0QM1IU","Duration":"00:00:00.0294810","StartTime":"2021-12-15T14:53:58.8509736+00:00","EndTime":"2021-12-15T14:53:58.8804501+00:00","Properties":[]},{"TestCase":{"Id":"5e57c91f-bbd7-af9f-fc4b-1c037a457230","FullyQualifiedName":"SCMS.Tests.Controllers.UsersControllerTests.GetUsers_Should_ReturnUsers","DisplayName":"GetUsers_Should_ReturnUsers","ExecutorUri":"executor://NUnit3TestExecutor","Source":"C:\\Users\\zheny\\source\\repos\\SCMS.API\\SCMS.Tests\\bin\\Debug\\netcoreapp3.1\\fine-code-coverage\\build-output\\SCMS.Tests.dll","CodeFilePath":null,"LineNumber":0,"Properties":[]},"Attachments":[],"Outcome":1,"ErrorMessage":null,"ErrorStackTrace":null,"DisplayName":"GetUsers_Should_ReturnUsers","Messages":[],"ComputerName":"DESKTOP-R0QM1IU","Duration":"00:00:00.0580680","StartTime":"2021-12-15T14:53:58.8805132+00:00","EndTime":"2021-12-15T14:53:58.9385764+00:00","Properties":[]},{"TestCase":{"Id":"e816e98d-4d2a-991f-36d2-b7bbba4a7435","FullyQualifiedName":"SCMS.Tests.Controllers.UsersControllerTests.UpdateUser_Should_UpdateUser","DisplayName":"UpdateUser_Should_UpdateUser","ExecutorUri":"executor://NUnit3TestExecutor","Source":"C:\\Users\\zheny\\source\\repos\\SCMS.API\\SCMS.Tests\\bin\\Debug\\netcoreapp3.1\\fine-code-coverage\\build-output\\SCMS.Tests.dll","CodeFilePath":null,"LineNumber":0,"Properties":[]},"Attachments":[],"Outcome":1,"ErrorMessage":null,"ErrorStackTrace":null,"DisplayName":"UpdateUser_Should_UpdateUser","Messages":[],"ComputerName":"DESKTOP-R0QM1IU","Duration":"00:00:00.0267350","StartTime":"2021-12-15T14:53:58.9386425+00:00","EndTime":"2021-12-15T14:53:58.9653724+00:00","Properties":[]},{"TestCase":{"Id":"ec34fe09-6713-b9c7-1084-9180d9154327","FullyQualifiedName":"SCMS.Tests.IntegrationTests.ControllersTests.GetActivities_SendRequest_ShouldReturnActivities","DisplayName":"GetActivities_SendRequest_ShouldReturnActivities","ExecutorUri":"executor://NUnit3TestExecutor","Source":"C:\\Users\\zheny\\source\\repos\\SCMS.API\\SCMS.Tests\\bin\\Debug\\netcoreapp3.1\\fine-code-coverage\\build-output\\SCMS.Tests.dll","CodeFilePath":null,"LineNumber":0,"Properties":[]},"Attachments":[],"Outcome":1,"ErrorMessage":null,"ErrorStackTrace":null,"DisplayName":"GetActivities_SendRequest_ShouldReturnActivities","Messages":[{"Category":"StdOutMsgs","Text":"info: Microsoft.Hosting.Lifetime[0]\r\n      Application started. Press Ctrl+C to shut down.\r\ninfo: Microsoft.Hosting.Lifetime[0]\r\n      Hosting environment: Development\r\ninfo: Microsoft.Hosting.Lifetime[0]\r\n      Content root path: C:\\Users\\zheny\\source\\repos\\SCMS.API\\SCMS.API\r\n"}],"ComputerName":"DESKTOP-R0QM1IU","Duration":"00:00:01.3494660","StartTime":"2021-12-15T14:53:58.9657706+00:00","EndTime":"2021-12-15T14:54:00.3152361+00:00","Properties":[]}],"TestRunStatistics":{"ExecutedTests":41,"Stats":{"Passed":41}},"ActiveTests":[{"Id":"e0a43954-3da4-9109-a3dd-7f83cebcda18","FullyQualifiedName":"SCMS.Tests.IntegrationTests.ControllersTests.GetActivity_SendRequest_ShouldReturnNotFound","DisplayName":"GetActivity_SendRequest_ShouldReturnNotFound","ExecutorUri":"executor://NUnit3TestExecutor","Source":"C:\\Users\\zheny\\source\\repos\\SCMS.API\\SCMS.Tests\\bin\\Debug\\netcoreapp3.1\\fine-code-coverage\\build-output\\SCMS.Tests.dll","CodeFilePath":null,"LineNumber":0,"Properties":[]}]}}
TpTrace Verbose: 0 : 596, 6, 2021/12/15, 15:54:00.341, 9810705972, vstest.console.dll, TestRunRequest:SendTestRunStatsChange: Starting.
TpTrace Verbose: 0 : 596, 6, 2021/12/15, 15:54:00.341, 9810707007, vstest.console.dll, InProgress is GetActivity_SendRequest_ShouldReturnNotFound
TpTrace Information: 0 : 596, 6, 2021/12/15, 15:54:00.342, 9810708302, vstest.console.dll, TestRunRequest:SendTestRunStatsChange: Completed.
TpTrace Verbose: 0 : 596, 6, 2021/12/15, 15:54:00.342, 9810708883, vstest.console.dll, TcpClientExtensions.MessageLoopAsync: Polling on remoteEndPoint: 127.0.0.1:59242 localEndPoint: 127.0.0.1:59241
TpTrace Verbose: 0 : 596, 6, 2021/12/15, 15:54:00.376, 9811053125, vstest.console.dll, TcpClientExtensions.MessageLoopAsync: NotifyDataAvailable remoteEndPoint: 127.0.0.1:59242 localEndPoint: 127.0.0.1:59241
TpTrace Verbose: 0 : 596, 6, 2021/12/15, 15:54:00.376, 9811055217, vstest.console.dll, TestRequestSender.OnExecutionMessageReceived: Received message: {"Version":5,"MessageType":"TestSession.Message","Payload":{"MessageLevel":0,"Message":"info: Microsoft.Hosting.Lifetime[0]\r\n      Application started. Press Ctrl+C to shut down.\r\ninfo: Microsoft.Hosting.Lifetime[0]\r\n      Hosting environment: Development\r\ninfo: Microsoft.Hosting.Lifetime[0]\r\n      Content root path: C:\\Users\\zheny\\source\\repos\\SCMS.API\\SCMS.API\r\n"}}
TpTrace Verbose: 0 : 596, 6, 2021/12/15, 15:54:00.376, 9811057093, vstest.console.dll, TestRunRequest:SendTestRunMessage: Starting.
TpTrace Information: 0 : 596, 6, 2021/12/15, 15:54:00.377, 9811058091, vstest.console.dll, TestRunRequest:SendTestRunMessage: Completed.
TpTrace Verbose: 0 : 596, 6, 2021/12/15, 15:54:00.377, 9811058571, vstest.console.dll, TcpClientExtensions.MessageLoopAsync: Polling on remoteEndPoint: 127.0.0.1:59242 localEndPoint: 127.0.0.1:59241
TpTrace Verbose: 0 : 596, 6, 2021/12/15, 15:54:00.494, 9812236880, vstest.console.dll, TcpClientExtensions.MessageLoopAsync: NotifyDataAvailable remoteEndPoint: 127.0.0.1:59242 localEndPoint: 127.0.0.1:59241
TpTrace Verbose: 0 : 596, 6, 2021/12/15, 15:54:00.495, 9812239101, vstest.console.dll, TestRequestSender.OnExecutionMessageReceived: Received message: {"Version":5,"MessageType":"TestSession.Message","Payload":{"MessageLevel":0,"Message":"info: Microsoft.Hosting.Lifetime[0]\r\n      Application started. Press Ctrl+C to shut down.\r\ninfo: Microsoft.Hosting.Lifetime[0]\r\n      Hosting environment: Development\r\ninfo: Microsoft.Hosting.Lifetime[0]\r\n      Content root path: C:\\Users\\zheny\\source\\repos\\SCMS.API\\SCMS.API\r\n"}}
TpTrace Verbose: 0 : 596, 6, 2021/12/15, 15:54:00.495, 9812241387, vstest.console.dll, TestRunRequest:SendTestRunMessage: Starting.
TpTrace Information: 0 : 596, 6, 2021/12/15, 15:54:00.495, 9812242512, vstest.console.dll, TestRunRequest:SendTestRunMessage: Completed.
TpTrace Verbose: 0 : 596, 6, 2021/12/15, 15:54:00.495, 9812243290, vstest.console.dll, TcpClientExtensions.MessageLoopAsync: Polling on remoteEndPoint: 127.0.0.1:59242 localEndPoint: 127.0.0.1:59241
TpTrace Verbose: 0 : 596, 6, 2021/12/15, 15:54:00.570, 9812996412, vstest.console.dll, TcpClientExtensions.MessageLoopAsync: NotifyDataAvailable remoteEndPoint: 127.0.0.1:59242 localEndPoint: 127.0.0.1:59241
TpTrace Verbose: 0 : 596, 6, 2021/12/15, 15:54:00.571, 9812999376, vstest.console.dll, TestRequestSender.OnExecutionMessageReceived: Received message: {"Version":5,"MessageType":"TestSession.Message","Payload":{"MessageLevel":0,"Message":"info: Microsoft.Hosting.Lifetime[0]\r\n      Application started. Press Ctrl+C to shut down.\r\ninfo: Microsoft.Hosting.Lifetime[0]\r\n      Hosting environment: Development\r\ninfo: Microsoft.Hosting.Lifetime[0]\r\n      Content root path: C:\\Users\\zheny\\source\\repos\\SCMS.API\\SCMS.API\r\n"}}
TpTrace Verbose: 0 : 596, 6, 2021/12/15, 15:54:00.571, 9813002833, vstest.console.dll, TestRunRequest:SendTestRunMessage: Starting.
TpTrace Information: 0 : 596, 6, 2021/12/15, 15:54:00.571, 9813004559, vstest.console.dll, TestRunRequest:SendTestRunMessage: Completed.
TpTrace Verbose: 0 : 596, 6, 2021/12/15, 15:54:00.571, 9813005719, vstest.console.dll, TcpClientExtensions.MessageLoopAsync: Polling on remoteEndPoint: 127.0.0.1:59242 localEndPoint: 127.0.0.1:59241
TpTrace Verbose: 0 : 596, 6, 2021/12/15, 15:54:00.760, 9814895243, vstest.console.dll, TcpClientExtensions.MessageLoopAsync: NotifyDataAvailable remoteEndPoint: 127.0.0.1:59242 localEndPoint: 127.0.0.1:59241
TpTrace Verbose: 0 : 596, 6, 2021/12/15, 15:54:00.760, 9814897295, vstest.console.dll, TestRequestSender.OnExecutionMessageReceived: Received message: {"Version":5,"MessageType":"TestSession.Message","Payload":{"MessageLevel":0,"Message":"info: Microsoft.Hosting.Lifetime[0]\r\n      Application started. Press Ctrl+C to shut down.\r\ninfo: Microsoft.Hosting.Lifetime[0]\r\n      Hosting environment: Development\r\ninfo: Microsoft.Hosting.Lifetime[0]\r\n      Content root path: C:\\Users\\zheny\\source\\repos\\SCMS.API\\SCMS.API\r\n"}}
TpTrace Verbose: 0 : 596, 6, 2021/12/15, 15:54:00.761, 9814899112, vstest.console.dll, TestRunRequest:SendTestRunMessage: Starting.
TpTrace Information: 0 : 596, 6, 2021/12/15, 15:54:00.761, 9814900260, vstest.console.dll, TestRunRequest:SendTestRunMessage: Completed.
TpTrace Verbose: 0 : 596, 6, 2021/12/15, 15:54:00.761, 9814901725, vstest.console.dll, TcpClientExtensions.MessageLoopAsync: Polling on remoteEndPoint: 127.0.0.1:59242 localEndPoint: 127.0.0.1:59241
TpTrace Verbose: 0 : 596, 6, 2021/12/15, 15:54:00.777, 9815057920, vstest.console.dll, TcpClientExtensions.MessageLoopAsync: NotifyDataAvailable remoteEndPoint: 127.0.0.1:59242 localEndPoint: 127.0.0.1:59241
TpTrace Verbose: 0 : 596, 6, 2021/12/15, 15:54:00.777, 9815060562, vstest.console.dll, TestRequestSender.OnExecutionMessageReceived: Received message: {"Version":5,"MessageType":"TestExecution.StatsChange","Payload":{"NewTestResults":[{"TestCase":{"Id":"e0a43954-3da4-9109-a3dd-7f83cebcda18","FullyQualifiedName":"SCMS.Tests.IntegrationTests.ControllersTests.GetActivity_SendRequest_ShouldReturnNotFound","DisplayName":"GetActivity_SendRequest_ShouldReturnNotFound","ExecutorUri":"executor://NUnit3TestExecutor","Source":"C:\\Users\\zheny\\source\\repos\\SCMS.API\\SCMS.Tests\\bin\\Debug\\netcoreapp3.1\\fine-code-coverage\\build-output\\SCMS.Tests.dll","CodeFilePath":null,"LineNumber":0,"Properties":[]},"Attachments":[],"Outcome":1,"ErrorMessage":null,"ErrorStackTrace":null,"DisplayName":"GetActivity_SendRequest_ShouldReturnNotFound","Messages":[{"Category":"StdOutMsgs","Text":"info: Microsoft.Hosting.Lifetime[0]\r\n      Application started. Press Ctrl+C to shut down.\r\ninfo: Microsoft.Hosting.Lifetime[0]\r\n      Hosting environment: Development\r\ninfo: Microsoft.Hosting.Lifetime[0]\r\n      Content root path: C:\\Users\\zheny\\source\\repos\\SCMS.API\\SCMS.API\r\n"}],"ComputerName":"DESKTOP-R0QM1IU","Duration":"00:00:00.0604620","StartTime":"2021-12-15T14:54:00.3152665+00:00","EndTime":"2021-12-15T14:54:00.3757273+00:00","Properties":[]},{"TestCase":{"Id":"1cefbede-35bf-80d9-f836-bdebc6132f49","FullyQualifiedName":"SCMS.Tests.IntegrationTests.ControllersTests.GetAnnouncements_SendRequest_ShouldReturnAnnouncements","DisplayName":"GetAnnouncements_SendRequest_ShouldReturnAnnouncements","ExecutorUri":"executor://NUnit3TestExecutor","Source":"C:\\Users\\zheny\\source\\repos\\SCMS.API\\SCMS.Tests\\bin\\Debug\\netcoreapp3.1\\fine-code-coverage\\build-output\\SCMS.Tests.dll","CodeFilePath":null,"LineNumber":0,"Properties":[]},"Attachments":[],"Outcome":1,"ErrorMessage":null,"ErrorStackTrace":null,"DisplayName":"GetAnnouncements_SendRequest_ShouldReturnAnnouncements","Messages":[{"Category":"StdOutMsgs","Text":"info: Microsoft.Hosting.Lifetime[0]\r\n      Application started. Press Ctrl+C to shut down.\r\ninfo: Microsoft.Hosting.Lifetime[0]\r\n      Hosting environment: Development\r\ninfo: Microsoft.Hosting.Lifetime[0]\r\n      Content root path: C:\\Users\\zheny\\source\\repos\\SCMS.API\\SCMS.API\r\n"}],"ComputerName":"DESKTOP-R0QM1IU","Duration":"00:00:00.1181720","StartTime":"2021-12-15T14:54:00.3757668+00:00","EndTime":"2021-12-15T14:54:00.4939363+00:00","Properties":[]},{"TestCase":{"Id":"082e98fc-ec28-07a7-7cae-f78f50baa5c5","FullyQualifiedName":"SCMS.Tests.IntegrationTests.ControllersTests.GetUsers_SendRequest_ShouldReturnNotFound","DisplayName":"GetUsers_SendRequest_ShouldReturnNotFound","ExecutorUri":"executor://NUnit3TestExecutor","Source":"C:\\Users\\zheny\\source\\repos\\SCMS.API\\SCMS.Tests\\bin\\Debug\\netcoreapp3.1\\fine-code-coverage\\build-output\\SCMS.Tests.dll","CodeFilePath":null,"LineNumber":0,"Properties":[]},"Attachments":[],"Outcome":1,"ErrorMessage":null,"ErrorStackTrace":null,"DisplayName":"GetUsers_SendRequest_ShouldReturnNotFound","Messages":[{"Category":"StdOutMsgs","Text":"info: Microsoft.Hosting.Lifetime[0]\r\n      Application started. Press Ctrl+C to shut down.\r\ninfo: Microsoft.Hosting.Lifetime[0]\r\n      Hosting environment: Development\r\ninfo: Microsoft.Hosting.Lifetime[0]\r\n      Content root path: C:\\Users\\zheny\\source\\repos\\SCMS.API\\SCMS.API\r\n"}],"ComputerName":"DESKTOP-R0QM1IU","Duration":"00:00:00.0758270","StartTime":"2021-12-15T14:54:00.493989+00:00","EndTime":"2021-12-15T14:54:00.5698127+00:00","Properties":[]},{"TestCase":{"Id":"4dd9bc53-5b3e-205c-4212-60aa1dc80f13","FullyQualifiedName":"SCMS.Tests.IntegrationTests.ControllersTests.GetUsers_SendRequest_ShouldReturnUsers","DisplayName":"GetUsers_SendRequest_ShouldReturnUsers","ExecutorUri":"executor://NUnit3TestExecutor","Source":"C:\\Users\\zheny\\source\\repos\\SCMS.API\\SCMS.Tests\\bin\\Debug\\netcoreapp3.1\\fine-code-coverage\\build-output\\SCMS.Tests.dll","CodeFilePath":null,"LineNumber":0,"Properties":[]},"Attachments":[],"Outcome":1,"ErrorMessage":null,"ErrorStackTrace":null,"DisplayName":"GetUsers_SendRequest_ShouldReturnUsers","Messages":[{"Category":"StdOutMsgs","Text":"info: Microsoft.Hosting.Lifetime[0]\r\n      Application started. Press Ctrl+C to shut down.\r\ninfo: Microsoft.Hosting.Lifetime[0]\r\n      Hosting environment: Development\r\ninfo: Microsoft.Hosting.Lifetime[0]\r\n      Content root path: C:\\Users\\zheny\\source\\repos\\SCMS.API\\SCMS.API\r\n"}],"ComputerName":"DESKTOP-R0QM1IU","Duration":"00:00:00.1883520","StartTime":"2021-12-15T14:54:00.5698773+00:00","EndTime":"2021-12-15T14:54:00.7582231+00:00","Properties":[]},{"TestCase":{"Id":"396da6ff-9dbf-8a0a-b742-de9661b86ad9","FullyQualifiedName":"SCMS.Tests.Repositories.ActivitiesRepositoryTests.Add","DisplayName":"Add","ExecutorUri":"executor://NUnit3TestExecutor","Source":"C:\\Users\\zheny\\source\\repos\\SCMS.API\\SCMS.Tests\\bin\\Debug\\netcoreapp3.1\\fine-code-coverage\\build-output\\SCMS.Tests.dll","CodeFilePath":null,"LineNumber":0,"Properties":[]},"Attachments":[],"Outcome":1,"ErrorMessage":null,"ErrorStackTrace":null,"DisplayName":"Add","Messages":[],"ComputerName":"DESKTOP-R0QM1IU","Duration":"00:00:00.0014060","StartTime":"2021-12-15T14:54:00.7587246+00:00","EndTime":"2021-12-15T14:54:00.7601303+00:00","Properties":[]},{"TestCase":{"Id":"dc54a514-736d-b818-3883-e75ebf7a262c","FullyQualifiedName":"SCMS.Tests.Repositories.ActivitiesRepositoryTests.Delete","DisplayName":"Delete","ExecutorUri":"executor://NUnit3TestExecutor","Source":"C:\\Users\\zheny\\source\\repos\\SCMS.API\\SCMS.Tests\\bin\\Debug\\netcoreapp3.1\\fine-code-coverage\\build-output\\SCMS.Tests.dll","CodeFilePath":null,"LineNumber":0,"Properties":[]},"Attachments":[],"Outcome":1,"ErrorMessage":null,"ErrorStackTrace":null,"DisplayName":"Delete","Messages":[],"ComputerName":"DESKTOP-R0QM1IU","Duration":"00:00:00.0007610","StartTime":"2021-12-15T14:54:00.7601525+00:00","EndTime":"2021-12-15T14:54:00.7609127+00:00","Properties":[]},{"TestCase":{"Id":"03f23423-d964-6b67-29aa-419bb0d2a215","FullyQualifiedName":"SCMS.Tests.Repositories.ActivitiesRepositoryTests.GetAll","DisplayName":"GetAll","ExecutorUri":"executor://NUnit3TestExecutor","Source":"C:\\Users\\zheny\\source\\repos\\SCMS.API\\SCMS.Tests\\bin\\Debug\\netcoreapp3.1\\fine-code-coverage\\build-output\\SCMS.Tests.dll","CodeFilePath":null,"LineNumber":0,"Properties":[]},"Attachments":[],"Outcome":1,"ErrorMessage":null,"ErrorStackTrace":null,"DisplayName":"GetAll","Messages":[],"ComputerName":"DESKTOP-R0QM1IU","Duration":"00:00:00.0008720","StartTime":"2021-12-15T14:54:00.7609334+00:00","EndTime":"2021-12-15T14:54:00.7618046+00:00","Properties":[]},{"TestCase":{"Id":"62ba8608-4c25-d998-b15d-f84ed4af01df","FullyQualifiedName":"SCMS.Tests.Repositories.ActivitiesRepositoryTests.GetSingle","DisplayName":"GetSingle","ExecutorUri":"executor://NUnit3TestExecutor","Source":"C:\\Users\\zheny\\source\\repos\\SCMS.API\\SCMS.Tests\\bin\\Debug\\netcoreapp3.1\\fine-code-coverage\\build-output\\SCMS.Tests.dll","CodeFilePath":null,"LineNumber":0,"Properties":[]},"Attachments":[],"Outcome":1,"ErrorMessage":null,"ErrorStackTrace":null,"DisplayName":"GetSingle","Messages":[],"ComputerName":"DESKTOP-R0QM1IU","Duration":"00:00:00.0008530","StartTime":"2021-12-15T14:54:00.7618315+00:00","EndTime":"2021-12-15T14:54:00.7626836+00:00","Properties":[]},{"TestCase":{"Id":"32e5078b-147c-54da-0e7e-cdeb00a3ae90","FullyQualifiedName":"SCMS.Tests.Repositories.ActivitiesRepositoryTests.Update","DisplayName":"Update","ExecutorUri":"executor://NUnit3TestExecutor","Source":"C:\\Users\\zheny\\source\\repos\\SCMS.API\\SCMS.Tests\\bin\\Debug\\netcoreapp3.1\\fine-code-coverage\\build-output\\SCMS.Tests.dll","CodeFilePath":null,"LineNumber":0,"Properties":[]},"Attachments":[],"Outcome":1,"ErrorMessage":null,"ErrorStackTrace":null,"DisplayName":"Update","Messages":[],"ComputerName":"DESKTOP-R0QM1IU","Duration":"00:00:00.0007220","StartTime":"2021-12-15T14:54:00.7627041+00:00","EndTime":"2021-12-15T14:54:00.7634257+00:00","Properties":[]}],"TestRunStatistics":{"ExecutedTests":50,"Stats":{"Passed":50}},"ActiveTests":[{"Id":"273d440d-dc95-45fc-061c-1b76733f2008","FullyQualifiedName":"SCMS.Tests.Repositories.AnnouncementsRepositoryTests.Add","DisplayName":"Add","ExecutorUri":"executor://NUnit3TestExecutor","Source":"C:\\Users\\zheny\\source\\repos\\SCMS.API\\SCMS.Tests\\bin\\Debug\\netcoreapp3.1\\fine-code-coverage\\build-output\\SCMS.Tests.dll","CodeFilePath":null,"LineNumber":0,"Properties":[]}]}}
TpTrace Verbose: 0 : 596, 6, 2021/12/15, 15:54:00.779, 9815077684, vstest.console.dll, TestRunRequest:SendTestRunStatsChange: Starting.
TpTrace Verbose: 0 : 596, 6, 2021/12/15, 15:54:00.779, 9815078425, vstest.console.dll, InProgress is Add
TpTrace Information: 0 : 596, 6, 2021/12/15, 15:54:00.779, 9815079541, vstest.console.dll, TestRunRequest:SendTestRunStatsChange: Completed.
TpTrace Verbose: 0 : 596, 6, 2021/12/15, 15:54:00.779, 9815080157, vstest.console.dll, TcpClientExtensions.MessageLoopAsync: Polling on remoteEndPoint: 127.0.0.1:59242 localEndPoint: 127.0.0.1:59241
TpTrace Verbose: 0 : 596, 6, 2021/12/15, 15:54:00.804, 9815333058, vstest.console.dll, TcpClientExtensions.MessageLoopAsync: NotifyDataAvailable remoteEndPoint: 127.0.0.1:59242 localEndPoint: 127.0.0.1:59241
TpTrace Verbose: 0 : 596, 6, 2021/12/15, 15:54:00.804, 9815335501, vstest.console.dll, TestRequestSender.OnExecutionMessageReceived: Received message: {"Version":5,"MessageType":"TestExecution.StatsChange","Payload":{"NewTestResults":[{"TestCase":{"Id":"273d440d-dc95-45fc-061c-1b76733f2008","FullyQualifiedName":"SCMS.Tests.Repositories.AnnouncementsRepositoryTests.Add","DisplayName":"Add","ExecutorUri":"executor://NUnit3TestExecutor","Source":"C:\\Users\\zheny\\source\\repos\\SCMS.API\\SCMS.Tests\\bin\\Debug\\netcoreapp3.1\\fine-code-coverage\\build-output\\SCMS.Tests.dll","CodeFilePath":null,"LineNumber":0,"Properties":[]},"Attachments":[],"Outcome":1,"ErrorMessage":null,"ErrorStackTrace":null,"DisplayName":"Add","Messages":[],"ComputerName":"DESKTOP-R0QM1IU","Duration":"00:00:00.0009790","StartTime":"2021-12-15T14:54:00.7636136+00:00","EndTime":"2021-12-15T14:54:00.7645925+00:00","Properties":[]},{"TestCase":{"Id":"8ac61560-a0ba-7996-434e-b643c43cfaf8","FullyQualifiedName":"SCMS.Tests.Repositories.AnnouncementsRepositoryTests.Delete","DisplayName":"Delete","ExecutorUri":"executor://NUnit3TestExecutor","Source":"C:\\Users\\zheny\\source\\repos\\SCMS.API\\SCMS.Tests\\bin\\Debug\\netcoreapp3.1\\fine-code-coverage\\build-output\\SCMS.Tests.dll","CodeFilePath":null,"LineNumber":0,"Properties":[]},"Attachments":[],"Outcome":1,"ErrorMessage":null,"ErrorStackTrace":null,"DisplayName":"Delete","Messages":[],"ComputerName":"DESKTOP-R0QM1IU","Duration":"00:00:00.0007620","StartTime":"2021-12-15T14:54:00.7646187+00:00","EndTime":"2021-12-15T14:54:00.7653795+00:00","Properties":[]},{"TestCase":{"Id":"90bef29e-7896-ade6-f575-d8b9c66f35f0","FullyQualifiedName":"SCMS.Tests.Repositories.AnnouncementsRepositoryTests.GetAll","DisplayName":"GetAll","ExecutorUri":"executor://NUnit3TestExecutor","Source":"C:\\Users\\zheny\\source\\repos\\SCMS.API\\SCMS.Tests\\bin\\Debug\\netcoreapp3.1\\fine-code-coverage\\build-output\\SCMS.Tests.dll","CodeFilePath":null,"LineNumber":0,"Properties":[]},"Attachments":[],"Outcome":1,"ErrorMessage":null,"ErrorStackTrace":null,"DisplayName":"GetAll","Messages":[],"ComputerName":"DESKTOP-R0QM1IU","Duration":"00:00:00.0007040","StartTime":"2021-12-15T14:54:00.7654002+00:00","EndTime":"2021-12-15T14:54:00.7661031+00:00","Properties":[]},{"TestCase":{"Id":"de40d1fa-8b54-61d6-75f8-da663d29a6f4","FullyQualifiedName":"SCMS.Tests.Repositories.AnnouncementsRepositoryTests.GetSingle","DisplayName":"GetSingle","ExecutorUri":"executor://NUnit3TestExecutor","Source":"C:\\Users\\zheny\\source\\repos\\SCMS.API\\SCMS.Tests\\bin\\Debug\\netcoreapp3.1\\fine-code-coverage\\build-output\\SCMS.Tests.dll","CodeFilePath":null,"LineNumber":0,"Properties":[]},"Attachments":[],"Outcome":1,"ErrorMessage":null,"ErrorStackTrace":null,"DisplayName":"GetSingle","Messages":[],"ComputerName":"DESKTOP-R0QM1IU","Duration":"00:00:00.0007030","StartTime":"2021-12-15T14:54:00.7661231+00:00","EndTime":"2021-12-15T14:54:00.7668254+00:00","Properties":[]},{"TestCase":{"Id":"ba774d15-01c7-2660-198b-2154eae4a96e","FullyQualifiedName":"SCMS.Tests.Repositories.AnnouncementsRepositoryTests.Update","DisplayName":"Update","ExecutorUri":"executor://NUnit3TestExecutor","Source":"C:\\Users\\zheny\\source\\repos\\SCMS.API\\SCMS.Tests\\bin\\Debug\\netcoreapp3.1\\fine-code-coverage\\build-output\\SCMS.Tests.dll","CodeFilePath":null,"LineNumber":0,"Properties":[]},"Attachments":[],"Outcome":1,"ErrorMessage":null,"ErrorStackTrace":null,"DisplayName":"Update","Messages":[],"ComputerName":"DESKTOP-R0QM1IU","Duration":"00:00:00.0006810","StartTime":"2021-12-15T14:54:00.7668453+00:00","EndTime":"2021-12-15T14:54:00.7675252+00:00","Properties":[]},{"TestCase":{"Id":"c21f914f-69ab-3611-71b2-0ed3fa3c1f73","FullyQualifiedName":"SCMS.Tests.Repositories.ClassesRepositoryTests.Add","DisplayName":"Add","ExecutorUri":"executor://NUnit3TestExecutor","Source":"C:\\Users\\zheny\\source\\repos\\SCMS.API\\SCMS.Tests\\bin\\Debug\\netcoreapp3.1\\fine-code-coverage\\build-output\\SCMS.Tests.dll","CodeFilePath":null,"LineNumber":0,"Properties":[]},"Attachments":[],"Outcome":1,"ErrorMessage":null,"ErrorStackTrace":null,"DisplayName":"Add","Messages":[],"ComputerName":"DESKTOP-R0QM1IU","Duration":"00:00:00.0006579","StartTime":"2021-12-15T14:54:00.7676778+00:00","EndTime":"2021-12-15T14:54:00.7683352+00:00","Properties":[]},{"TestCase":{"Id":"ce3fd08d-fe7e-6cfc-b93e-71711350122c","FullyQualifiedName":"SCMS.Tests.Repositories.ClassesRepositoryTests.AddEnrollment","DisplayName":"AddEnrollment","ExecutorUri":"executor://NUnit3TestExecutor","Source":"C:\\Users\\zheny\\source\\repos\\SCMS.API\\SCMS.Tests\\bin\\Debug\\netcoreapp3.1\\fine-code-coverage\\build-output\\SCMS.Tests.dll","CodeFilePath":null,"LineNumber":0,"Properties":[]},"Attachments":[],"Outcome":1,"ErrorMessage":null,"ErrorStackTrace":null,"DisplayName":"AddEnrollment","Messages":[],"ComputerName":"DESKTOP-R0QM1IU","Duration":"00:00:00.0005800","StartTime":"2021-12-15T14:54:00.7683522+00:00","EndTime":"2021-12-15T14:54:00.7689311+00:00","Properties":[]},{"TestCase":{"Id":"c61eb274-14ff-d3ab-05b4-772d4a8baa53","FullyQualifiedName":"SCMS.Tests.Repositories.ClassesRepositoryTests.Delete","DisplayName":"Delete","ExecutorUri":"executor://NUnit3TestExecutor","Source":"C:\\Users\\zheny\\source\\repos\\SCMS.API\\SCMS.Tests\\bin\\Debug\\netcoreapp3.1\\fine-code-coverage\\build-output\\SCMS.Tests.dll","CodeFilePath":null,"LineNumber":0,"Properties":[]},"Attachments":[],"Outcome":1,"ErrorMessage":null,"ErrorStackTrace":null,"DisplayName":"Delete","Messages":[],"ComputerName":"DESKTOP-R0QM1IU","Duration":"00:00:00.0007249","StartTime":"2021-12-15T14:54:00.7689661+00:00","EndTime":"2021-12-15T14:54:00.7696903+00:00","Properties":[]},{"TestCase":{"Id":"1d882bc9-0173-d92d-6208-d7a699c9101b","FullyQualifiedName":"SCMS.Tests.Repositories.ClassesRepositoryTests.DeleteEnrollment","DisplayName":"DeleteEnrollment","ExecutorUri":"executor://NUnit3TestExecutor","Source":"C:\\Users\\zheny\\source\\repos\\SCMS.API\\SCMS.Tests\\bin\\Debug\\netcoreapp3.1\\fine-code-coverage\\build-output\\SCMS.Tests.dll","CodeFilePath":null,"LineNumber":0,"Properties":[]},"Attachments":[],"Outcome":1,"ErrorMessage":null,"ErrorStackTrace":null,"DisplayName":"DeleteEnrollment","Messages":[],"ComputerName":"DESKTOP-R0QM1IU","Duration":"00:00:00.0006050","StartTime":"2021-12-15T14:54:00.7697069+00:00","EndTime":"2021-12-15T14:54:00.7703107+00:00","Properties":[]}],"TestRunStatistics":{"ExecutedTests":59,"Stats":{"Passed":59}},"ActiveTests":[{"Id":"ac83409b-52c7-5385-a57f-645bc724ac70","FullyQualifiedName":"SCMS.Tests.Repositories.ClassesRepositoryTests.GetAll","DisplayName":"GetAll","ExecutorUri":"executor://NUnit3TestExecutor","Source":"C:\\Users\\zheny\\source\\repos\\SCMS.API\\SCMS.Tests\\bin\\Debug\\netcoreapp3.1\\fine-code-coverage\\build-output\\SCMS.Tests.dll","CodeFilePath":null,"LineNumber":0,"Properties":[]}]}}
TpTrace Verbose: 0 : 596, 6, 2021/12/15, 15:54:00.806, 9815351932, vstest.console.dll, TestRunRequest:SendTestRunStatsChange: Starting.
TpTrace Verbose: 0 : 596, 6, 2021/12/15, 15:54:00.806, 9815352833, vstest.console.dll, InProgress is GetAll
TpTrace Information: 0 : 596, 6, 2021/12/15, 15:54:00.806, 9815354371, vstest.console.dll, TestRunRequest:SendTestRunStatsChange: Completed.
TpTrace Verbose: 0 : 596, 6, 2021/12/15, 15:54:00.806, 9815355167, vstest.console.dll, TcpClientExtensions.MessageLoopAsync: Polling on remoteEndPoint: 127.0.0.1:59242 localEndPoint: 127.0.0.1:59241
TpTrace Verbose: 0 : 596, 6, 2021/12/15, 15:54:00.823, 9815525517, vstest.console.dll, TcpClientExtensions.MessageLoopAsync: NotifyDataAvailable remoteEndPoint: 127.0.0.1:59242 localEndPoint: 127.0.0.1:59241
TpTrace Verbose: 0 : 596, 6, 2021/12/15, 15:54:00.824, 9815527965, vstest.console.dll, TestRequestSender.OnExecutionMessageReceived: Received message: {"Version":5,"MessageType":"TestExecution.StatsChange","Payload":{"NewTestResults":[{"TestCase":{"Id":"ac83409b-52c7-5385-a57f-645bc724ac70","FullyQualifiedName":"SCMS.Tests.Repositories.ClassesRepositoryTests.GetAll","DisplayName":"GetAll","ExecutorUri":"executor://NUnit3TestExecutor","Source":"C:\\Users\\zheny\\source\\repos\\SCMS.API\\SCMS.Tests\\bin\\Debug\\netcoreapp3.1\\fine-code-coverage\\build-output\\SCMS.Tests.dll","CodeFilePath":null,"LineNumber":0,"Properties":[]},"Attachments":[],"Outcome":1,"ErrorMessage":null,"ErrorStackTrace":null,"DisplayName":"GetAll","Messages":[],"ComputerName":"DESKTOP-R0QM1IU","Duration":"00:00:00.0006510","StartTime":"2021-12-15T14:54:00.7703273+00:00","EndTime":"2021-12-15T14:54:00.7709772+00:00","Properties":[]},{"TestCase":{"Id":"f77f7bf0-c258-fd2b-376c-7d932690052f","FullyQualifiedName":"SCMS.Tests.Repositories.ClassesRepositoryTests.GetClasses","DisplayName":"GetClasses","ExecutorUri":"executor://NUnit3TestExecutor","Source":"C:\\Users\\zheny\\source\\repos\\SCMS.API\\SCMS.Tests\\bin\\Debug\\netcoreapp3.1\\fine-code-coverage\\build-output\\SCMS.Tests.dll","CodeFilePath":null,"LineNumber":0,"Properties":[]},"Attachments":[],"Outcome":1,"ErrorMessage":null,"ErrorStackTrace":null,"DisplayName":"GetClasses","Messages":[],"ComputerName":"DESKTOP-R0QM1IU","Duration":"00:00:00.0006970","StartTime":"2021-12-15T14:54:00.7709939+00:00","EndTime":"2021-12-15T14:54:00.7716897+00:00","Properties":[]},{"TestCase":{"Id":"b18068ec-bc25-84ba-9680-44eb2cfb715a","FullyQualifiedName":"SCMS.Tests.Repositories.ClassesRepositoryTests.GetClassesWeek","DisplayName":"GetClassesWeek","ExecutorUri":"executor://NUnit3TestExecutor","Source":"C:\\Users\\zheny\\source\\repos\\SCMS.API\\SCMS.Tests\\bin\\Debug\\netcoreapp3.1\\fine-code-coverage\\build-output\\SCMS.Tests.dll","CodeFilePath":null,"LineNumber":0,"Properties":[]},"Attachments":[],"Outcome":1,"ErrorMessage":null,"ErrorStackTrace":null,"DisplayName":"GetClassesWeek","Messages":[],"ComputerName":"DESKTOP-R0QM1IU","Duration":"00:00:00.0006360","StartTime":"2021-12-15T14:54:00.7717102+00:00","EndTime":"2021-12-15T14:54:00.7723457+00:00","Properties":[]},{"TestCase":{"Id":"5771d227-3bf2-279d-91e2-df118ae650f9","FullyQualifiedName":"SCMS.Tests.Repositories.ClassesRepositoryTests.GetEnrolledUsers","DisplayName":"GetEnrolledUsers","ExecutorUri":"executor://NUnit3TestExecutor","Source":"C:\\Users\\zheny\\source\\repos\\SCMS.API\\SCMS.Tests\\bin\\Debug\\netcoreapp3.1\\fine-code-coverage\\build-output\\SCMS.Tests.dll","CodeFilePath":null,"LineNumber":0,"Properties":[]},"Attachments":[],"Outcome":1,"ErrorMessage":null,"ErrorStackTrace":null,"DisplayName":"GetEnrolledUsers","Messages":[],"ComputerName":"DESKTOP-R0QM1IU","Duration":"00:00:00.0005770","StartTime":"2021-12-15T14:54:00.7723631+00:00","EndTime":"2021-12-15T14:54:00.7729396+00:00","Properties":[]},{"TestCase":{"Id":"b29ac642-eb7d-497c-7097-c5c88dfbec6b","FullyQualifiedName":"SCMS.Tests.Repositories.ClassesRepositoryTests.GetSingle","DisplayName":"GetSingle","ExecutorUri":"executor://NUnit3TestExecutor","Source":"C:\\Users\\zheny\\source\\repos\\SCMS.API\\SCMS.Tests\\bin\\Debug\\netcoreapp3.1\\fine-code-coverage\\build-output\\SCMS.Tests.dll","CodeFilePath":null,"LineNumber":0,"Properties":[]},"Attachments":[],"Outcome":1,"ErrorMessage":null,"ErrorStackTrace":null,"DisplayName":"GetSingle","Messages":[],"ComputerName":"DESKTOP-R0QM1IU","Duration":"00:00:00.0006260","StartTime":"2021-12-15T14:54:00.7729806+00:00","EndTime":"2021-12-15T14:54:00.773606+00:00","Properties":[]},{"TestCase":{"Id":"fb5e9593-efef-ae99-13d9-d5b2d17b9f1e","FullyQualifiedName":"SCMS.Tests.Repositories.ClassesRepositoryTests.Update","DisplayName":"Update","ExecutorUri":"executor://NUnit3TestExecutor","Source":"C:\\Users\\zheny\\source\\repos\\SCMS.API\\SCMS.Tests\\bin\\Debug\\netcoreapp3.1\\fine-code-coverage\\build-output\\SCMS.Tests.dll","CodeFilePath":null,"LineNumber":0,"Properties":[]},"Attachments":[],"Outcome":1,"ErrorMessage":null,"ErrorStackTrace":null,"DisplayName":"Update","Messages":[],"ComputerName":"DESKTOP-R0QM1IU","Duration":"00:00:00.0006940","StartTime":"2021-12-15T14:54:00.7736265+00:00","EndTime":"2021-12-15T14:54:00.7743197+00:00","Properties":[]},{"TestCase":{"Id":"15316788-ca68-b71b-843f-975006560a31","FullyQualifiedName":"SCMS.Tests.Repositories.PacketsRepositoryTests.Add","DisplayName":"Add","ExecutorUri":"executor://NUnit3TestExecutor","Source":"C:\\Users\\zheny\\source\\repos\\SCMS.API\\SCMS.Tests\\bin\\Debug\\netcoreapp3.1\\fine-code-coverage\\build-output\\SCMS.Tests.dll","CodeFilePath":null,"LineNumber":0,"Properties":[]},"Attachments":[],"Outcome":1,"ErrorMessage":null,"ErrorStackTrace":null,"DisplayName":"Add","Messages":[],"ComputerName":"DESKTOP-R0QM1IU","Duration":"00:00:00.0009320","StartTime":"2021-12-15T14:54:00.7744676+00:00","EndTime":"2021-12-15T14:54:00.775398+00:00","Properties":[]},{"TestCase":{"Id":"d0e0e408-4f2a-c6fb-bb16-20c2d01f0612","FullyQualifiedName":"SCMS.Tests.Repositories.PacketsRepositoryTests.Delete","DisplayName":"Delete","ExecutorUri":"executor://NUnit3TestExecutor","Source":"C:\\Users\\zheny\\source\\repos\\SCMS.API\\SCMS.Tests\\bin\\Debug\\netcoreapp3.1\\fine-code-coverage\\build-output\\SCMS.Tests.dll","CodeFilePath":null,"LineNumber":0,"Properties":[]},"Attachments":[],"Outcome":1,"ErrorMessage":null,"ErrorStackTrace":null,"DisplayName":"Delete","Messages":[],"ComputerName":"DESKTOP-R0QM1IU","Duration":"00:00:00.0006520","StartTime":"2021-12-15T14:54:00.775423+00:00","EndTime":"2021-12-15T14:54:00.7760742+00:00","Properties":[]},{"TestCase":{"Id":"14c20d7b-b977-d2fe-b6bd-04e1dee6ed73","FullyQualifiedName":"SCMS.Tests.Repositories.PacketsRepositoryTests.GetAll","DisplayName":"GetAll","ExecutorUri":"executor://NUnit3TestExecutor","Source":"C:\\Users\\zheny\\source\\repos\\SCMS.API\\SCMS.Tests\\bin\\Debug\\netcoreapp3.1\\fine-code-coverage\\build-output\\SCMS.Tests.dll","CodeFilePath":null,"LineNumber":0,"Properties":[]},"Attachments":[],"Outcome":1,"ErrorMessage":null,"ErrorStackTrace":null,"DisplayName":"GetAll","Messages":[],"ComputerName":"DESKTOP-R0QM1IU","Duration":"00:00:00.0005950","StartTime":"2021-12-15T14:54:00.7760915+00:00","EndTime":"2021-12-15T14:54:00.776686+00:00","Properties":[]}],"TestRunStatistics":{"ExecutedTests":68,"Stats":{"Passed":68}},"ActiveTests":[{"Id":"b76c07d6-22f0-3cc4-9765-0069f4d77378","FullyQualifiedName":"SCMS.Tests.Repositories.PacketsRepositoryTests.GetSingle","DisplayName":"GetSingle","ExecutorUri":"executor://NUnit3TestExecutor","Source":"C:\\Users\\zheny\\source\\repos\\SCMS.API\\SCMS.Tests\\bin\\Debug\\netcoreapp3.1\\fine-code-coverage\\build-output\\SCMS.Tests.dll","CodeFilePath":null,"LineNumber":0,"Properties":[]}]}}
TpTrace Verbose: 0 : 596, 6, 2021/12/15, 15:54:00.825, 9815544180, vstest.console.dll, TestRunRequest:SendTestRunStatsChange: Starting.
TpTrace Verbose: 0 : 596, 6, 2021/12/15, 15:54:00.825, 9815544875, vstest.console.dll, InProgress is GetSingle
TpTrace Information: 0 : 596, 6, 2021/12/15, 15:54:00.825, 9815546218, vstest.console.dll, TestRunRequest:SendTestRunStatsChange: Completed.
TpTrace Verbose: 0 : 596, 6, 2021/12/15, 15:54:00.825, 9815546794, vstest.console.dll, TcpClientExtensions.MessageLoopAsync: Polling on remoteEndPoint: 127.0.0.1:59242 localEndPoint: 127.0.0.1:59241
TpTrace Verbose: 0 : 596, 6, 2021/12/15, 15:54:00.843, 9815720600, vstest.console.dll, TcpClientExtensions.MessageLoopAsync: NotifyDataAvailable remoteEndPoint: 127.0.0.1:59242 localEndPoint: 127.0.0.1:59241
TpTrace Verbose: 0 : 596, 6, 2021/12/15, 15:54:00.843, 9815722842, vstest.console.dll, TestRequestSender.OnExecutionMessageReceived: Received message: {"Version":5,"MessageType":"TestExecution.StatsChange","Payload":{"NewTestResults":[{"TestCase":{"Id":"b76c07d6-22f0-3cc4-9765-0069f4d77378","FullyQualifiedName":"SCMS.Tests.Repositories.PacketsRepositoryTests.GetSingle","DisplayName":"GetSingle","ExecutorUri":"executor://NUnit3TestExecutor","Source":"C:\\Users\\zheny\\source\\repos\\SCMS.API\\SCMS.Tests\\bin\\Debug\\netcoreapp3.1\\fine-code-coverage\\build-output\\SCMS.Tests.dll","CodeFilePath":null,"LineNumber":0,"Properties":[]},"Attachments":[],"Outcome":1,"ErrorMessage":null,"ErrorStackTrace":null,"DisplayName":"GetSingle","Messages":[],"ComputerName":"DESKTOP-R0QM1IU","Duration":"00:00:00.0005890","StartTime":"2021-12-15T14:54:00.7767026+00:00","EndTime":"2021-12-15T14:54:00.7772904+00:00","Properties":[]},{"TestCase":{"Id":"ce14c59f-375b-2745-a6f4-65ccef6c44a5","FullyQualifiedName":"SCMS.Tests.Repositories.PacketsRepositoryTests.Update","DisplayName":"Update","ExecutorUri":"executor://NUnit3TestExecutor","Source":"C:\\Users\\zheny\\source\\repos\\SCMS.API\\SCMS.Tests\\bin\\Debug\\netcoreapp3.1\\fine-code-coverage\\build-output\\SCMS.Tests.dll","CodeFilePath":null,"LineNumber":0,"Properties":[]},"Attachments":[],"Outcome":1,"ErrorMessage":null,"ErrorStackTrace":null,"DisplayName":"Update","Messages":[],"ComputerName":"DESKTOP-R0QM1IU","Duration":"00:00:00.0005910","StartTime":"2021-12-15T14:54:00.7773075+00:00","EndTime":"2021-12-15T14:54:00.7778977+00:00","Properties":[]},{"TestCase":{"Id":"44a88098-41d7-9980-20c8-415694460917","FullyQualifiedName":"SCMS.Tests.Repositories.PaymentsRepositoryTests.Add","DisplayName":"Add","ExecutorUri":"executor://NUnit3TestExecutor","Source":"C:\\Users\\zheny\\source\\repos\\SCMS.API\\SCMS.Tests\\bin\\Debug\\netcoreapp3.1\\fine-code-coverage\\build-output\\SCMS.Tests.dll","CodeFilePath":null,"LineNumber":0,"Properties":[]},"Attachments":[],"Outcome":1,"ErrorMessage":null,"ErrorStackTrace":null,"DisplayName":"Add","Messages":[],"ComputerName":"DESKTOP-R0QM1IU","Duration":"00:00:00.0006770","StartTime":"2021-12-15T14:54:00.7780668+00:00","EndTime":"2021-12-15T14:54:00.7787432+00:00","Properties":[]},{"TestCase":{"Id":"517e65b7-c8ea-587f-9418-7be30b7c7140","FullyQualifiedName":"SCMS.Tests.Repositories.PaymentsRepositoryTests.Delete","DisplayName":"Delete","ExecutorUri":"executor://NUnit3TestExecutor","Source":"C:\\Users\\zheny\\source\\repos\\SCMS.API\\SCMS.Tests\\bin\\Debug\\netcoreapp3.1\\fine-code-coverage\\build-output\\SCMS.Tests.dll","CodeFilePath":null,"LineNumber":0,"Properties":[]},"Attachments":[],"Outcome":1,"ErrorMessage":null,"ErrorStackTrace":null,"DisplayName":"Delete","Messages":[],"ComputerName":"DESKTOP-R0QM1IU","Duration":"00:00:00.0006250","StartTime":"2021-12-15T14:54:00.7787608+00:00","EndTime":"2021-12-15T14:54:00.7793848+00:00","Properties":[]},{"TestCase":{"Id":"4e39c705-21e5-c70d-7de5-18023560e905","FullyQualifiedName":"SCMS.Tests.Repositories.PaymentsRepositoryTests.GetAll","DisplayName":"GetAll","ExecutorUri":"executor://NUnit3TestExecutor","Source":"C:\\Users\\zheny\\source\\repos\\SCMS.API\\SCMS.Tests\\bin\\Debug\\netcoreapp3.1\\fine-code-coverage\\build-output\\SCMS.Tests.dll","CodeFilePath":null,"LineNumber":0,"Properties":[]},"Attachments":[],"Outcome":1,"ErrorMessage":null,"ErrorStackTrace":null,"DisplayName":"GetAll","Messages":[],"ComputerName":"DESKTOP-R0QM1IU","Duration":"00:00:00.0005970","StartTime":"2021-12-15T14:54:00.7794048+00:00","EndTime":"2021-12-15T14:54:00.7800013+00:00","Properties":[]},{"TestCase":{"Id":"cc9b51c3-2e98-38d1-f522-33579932a0e3","FullyQualifiedName":"SCMS.Tests.Repositories.PaymentsRepositoryTests.GetSingle","DisplayName":"GetSingle","ExecutorUri":"executor://NUnit3TestExecutor","Source":"C:\\Users\\zheny\\source\\repos\\SCMS.API\\SCMS.Tests\\bin\\Debug\\netcoreapp3.1\\fine-code-coverage\\build-output\\SCMS.Tests.dll","CodeFilePath":null,"LineNumber":0,"Properties":[]},"Attachments":[],"Outcome":1,"ErrorMessage":null,"ErrorStackTrace":null,"DisplayName":"GetSingle","Messages":[],"ComputerName":"DESKTOP-R0QM1IU","Duration":"00:00:00.0006210","StartTime":"2021-12-15T14:54:00.7800182+00:00","EndTime":"2021-12-15T14:54:00.7806383+00:00","Properties":[]},{"TestCase":{"Id":"deeaa1d0-016b-38c6-08ba-b74c7d93fb2b","FullyQualifiedName":"SCMS.Tests.Repositories.PaymentsRepositoryTests.Update","DisplayName":"Update","ExecutorUri":"executor://NUnit3TestExecutor","Source":"C:\\Users\\zheny\\source\\repos\\SCMS.API\\SCMS.Tests\\bin\\Debug\\netcoreapp3.1\\fine-code-coverage\\build-output\\SCMS.Tests.dll","CodeFilePath":null,"LineNumber":0,"Properties":[]},"Attachments":[],"Outcome":1,"ErrorMessage":null,"ErrorStackTrace":null,"DisplayName":"Update","Messages":[],"ComputerName":"DESKTOP-R0QM1IU","Duration":"00:00:00.0005940","StartTime":"2021-12-15T14:54:00.7806551+00:00","EndTime":"2021-12-15T14:54:00.7812486+00:00","Properties":[]},{"TestCase":{"Id":"37042669-deac-0f7d-7d55-916f0506dd26","FullyQualifiedName":"SCMS.Tests.Repositories.SubscriptionsRepositoryTests.Add","DisplayName":"Add","ExecutorUri":"executor://NUnit3TestExecutor","Source":"C:\\Users\\zheny\\source\\repos\\SCMS.API\\SCMS.Tests\\bin\\Debug\\netcoreapp3.1\\fine-code-coverage\\build-output\\SCMS.Tests.dll","CodeFilePath":null,"LineNumber":0,"Properties":[]},"Attachments":[],"Outcome":1,"ErrorMessage":null,"ErrorStackTrace":null,"DisplayName":"Add","Messages":[],"ComputerName":"DESKTOP-R0QM1IU","Duration":"00:00:00.0006500","StartTime":"2021-12-15T14:54:00.7814232+00:00","EndTime":"2021-12-15T14:54:00.7820732+00:00","Properties":[]},{"TestCase":{"Id":"0f7e3dea-bc31-39bc-d85a-c7dacb9ff4e0","FullyQualifiedName":"SCMS.Tests.Repositories.SubscriptionsRepositoryTests.Delete","DisplayName":"Delete","ExecutorUri":"executor://NUnit3TestExecutor","Source":"C:\\Users\\zheny\\source\\repos\\SCMS.API\\SCMS.Tests\\bin\\Debug\\netcoreapp3.1\\fine-code-coverage\\build-output\\SCMS.Tests.dll","CodeFilePath":null,"LineNumber":0,"Properties":[]},"Attachments":[],"Outcome":1,"ErrorMessage":null,"ErrorStackTrace":null,"DisplayName":"Delete","Messages":[],"ComputerName":"DESKTOP-R0QM1IU","Duration":"00:00:00.0006020","StartTime":"2021-12-15T14:54:00.7820901+00:00","EndTime":"2021-12-15T14:54:00.7826911+00:00","Properties":[]}],"TestRunStatistics":{"ExecutedTests":77,"Stats":{"Passed":77}},"ActiveTests":[{"Id":"f09a9f70-94fe-6048-df51-b88073d96757","FullyQualifiedName":"SCMS.Tests.Repositories.SubscriptionsRepositoryTests.GetAll","DisplayName":"GetAll","ExecutorUri":"executor://NUnit3TestExecutor","Source":"C:\\Users\\zheny\\source\\repos\\SCMS.API\\SCMS.Tests\\bin\\Debug\\netcoreapp3.1\\fine-code-coverage\\build-output\\SCMS.Tests.dll","CodeFilePath":null,"LineNumber":0,"Properties":[]}]}}
TpTrace Verbose: 0 : 596, 6, 2021/12/15, 15:54:00.845, 9815737937, vstest.console.dll, TestRunRequest:SendTestRunStatsChange: Starting.
TpTrace Verbose: 0 : 596, 6, 2021/12/15, 15:54:00.845, 9815738853, vstest.console.dll, InProgress is GetAll
TpTrace Information: 0 : 596, 6, 2021/12/15, 15:54:00.845, 9815740077, vstest.console.dll, TestRunRequest:SendTestRunStatsChange: Completed.
TpTrace Verbose: 0 : 596, 6, 2021/12/15, 15:54:00.845, 9815740665, vstest.console.dll, TcpClientExtensions.MessageLoopAsync: Polling on remoteEndPoint: 127.0.0.1:59242 localEndPoint: 127.0.0.1:59241
TpTrace Verbose: 0 : 596, 6, 2021/12/15, 15:54:00.864, 9815933987, vstest.console.dll, TcpClientExtensions.MessageLoopAsync: NotifyDataAvailable remoteEndPoint: 127.0.0.1:59242 localEndPoint: 127.0.0.1:59241
TpTrace Verbose: 0 : 596, 6, 2021/12/15, 15:54:00.864, 9815936533, vstest.console.dll, TestRequestSender.OnExecutionMessageReceived: Received message: {"Version":5,"MessageType":"TestExecution.StatsChange","Payload":{"NewTestResults":[{"TestCase":{"Id":"f09a9f70-94fe-6048-df51-b88073d96757","FullyQualifiedName":"SCMS.Tests.Repositories.SubscriptionsRepositoryTests.GetAll","DisplayName":"GetAll","ExecutorUri":"executor://NUnit3TestExecutor","Source":"C:\\Users\\zheny\\source\\repos\\SCMS.API\\SCMS.Tests\\bin\\Debug\\netcoreapp3.1\\fine-code-coverage\\build-output\\SCMS.Tests.dll","CodeFilePath":null,"LineNumber":0,"Properties":[]},"Attachments":[],"Outcome":1,"ErrorMessage":null,"ErrorStackTrace":null,"DisplayName":"GetAll","Messages":[],"ComputerName":"DESKTOP-R0QM1IU","Duration":"00:00:00.0006190","StartTime":"2021-12-15T14:54:00.7827105+00:00","EndTime":"2021-12-15T14:54:00.783329+00:00","Properties":[]},{"TestCase":{"Id":"d355b21c-9bc9-864f-6649-e11b941d4ce1","FullyQualifiedName":"SCMS.Tests.Repositories.SubscriptionsRepositoryTests.GetSingle","DisplayName":"GetSingle","ExecutorUri":"executor://NUnit3TestExecutor","Source":"C:\\Users\\zheny\\source\\repos\\SCMS.API\\SCMS.Tests\\bin\\Debug\\netcoreapp3.1\\fine-code-coverage\\build-output\\SCMS.Tests.dll","CodeFilePath":null,"LineNumber":0,"Properties":[]},"Attachments":[],"Outcome":1,"ErrorMessage":null,"ErrorStackTrace":null,"DisplayName":"GetSingle","Messages":[],"ComputerName":"DESKTOP-R0QM1IU","Duration":"00:00:00.0005880","StartTime":"2021-12-15T14:54:00.783346+00:00","EndTime":"2021-12-15T14:54:00.7839329+00:00","Properties":[]},{"TestCase":{"Id":"533663e0-94dc-9021-1ed1-de8eb3e7c6f3","FullyQualifiedName":"SCMS.Tests.Repositories.SubscriptionsRepositoryTests.Update","DisplayName":"Update","ExecutorUri":"executor://NUnit3TestExecutor","Source":"C:\\Users\\zheny\\source\\repos\\SCMS.API\\SCMS.Tests\\bin\\Debug\\netcoreapp3.1\\fine-code-coverage\\build-output\\SCMS.Tests.dll","CodeFilePath":null,"LineNumber":0,"Properties":[]},"Attachments":[],"Outcome":1,"ErrorMessage":null,"ErrorStackTrace":null,"DisplayName":"Update","Messages":[],"ComputerName":"DESKTOP-R0QM1IU","Duration":"00:00:00.0006110","StartTime":"2021-12-15T14:54:00.7839499+00:00","EndTime":"2021-12-15T14:54:00.7845596+00:00","Properties":[]},{"TestCase":{"Id":"5a9fc5a0-50f8-8d57-e1a4-7332c998e8e6","FullyQualifiedName":"SCMS.Tests.Repositories.UsersRepositoryTests.Delete","DisplayName":"Delete","ExecutorUri":"executor://NUnit3TestExecutor","Source":"C:\\Users\\zheny\\source\\repos\\SCMS.API\\SCMS.Tests\\bin\\Debug\\netcoreapp3.1\\fine-code-coverage\\build-output\\SCMS.Tests.dll","CodeFilePath":null,"LineNumber":0,"Properties":[]},"Attachments":[],"Outcome":1,"ErrorMessage":null,"ErrorStackTrace":null,"DisplayName":"Delete","Messages":[],"ComputerName":"DESKTOP-R0QM1IU","Duration":"00:00:00.0006759","StartTime":"2021-12-15T14:54:00.7847235+00:00","EndTime":"2021-12-15T14:54:00.7853989+00:00","Properties":[]},{"TestCase":{"Id":"3bbc9a8a-7aaa-902e-f89a-8abb1c61adf1","FullyQualifiedName":"SCMS.Tests.Repositories.UsersRepositoryTests.GetAll","DisplayName":"GetAll","ExecutorUri":"executor://NUnit3TestExecutor","Source":"C:\\Users\\zheny\\source\\repos\\SCMS.API\\SCMS.Tests\\bin\\Debug\\netcoreapp3.1\\fine-code-coverage\\build-output\\SCMS.Tests.dll","CodeFilePath":null,"LineNumber":0,"Properties":[]},"Attachments":[],"Outcome":1,"ErrorMessage":null,"ErrorStackTrace":null,"DisplayName":"GetAll","Messages":[],"ComputerName":"DESKTOP-R0QM1IU","Duration":"00:00:00.0005820","StartTime":"2021-12-15T14:54:00.7854169+00:00","EndTime":"2021-12-15T14:54:00.7859979+00:00","Properties":[]},{"TestCase":{"Id":"43ac0012-2956-bc60-b454-26df60236444","FullyQualifiedName":"SCMS.Tests.Repositories.UsersRepositoryTests.GetSingle","DisplayName":"GetSingle","ExecutorUri":"executor://NUnit3TestExecutor","Source":"C:\\Users\\zheny\\source\\repos\\SCMS.API\\SCMS.Tests\\bin\\Debug\\netcoreapp3.1\\fine-code-coverage\\build-output\\SCMS.Tests.dll","CodeFilePath":null,"LineNumber":0,"Properties":[]},"Attachments":[],"Outcome":1,"ErrorMessage":null,"ErrorStackTrace":null,"DisplayName":"GetSingle","Messages":[],"ComputerName":"DESKTOP-R0QM1IU","Duration":"00:00:00.0006190","StartTime":"2021-12-15T14:54:00.7860167+00:00","EndTime":"2021-12-15T14:54:00.7866347+00:00","Properties":[]},{"TestCase":{"Id":"df2eb1bd-853f-2731-77bb-82c56f74693d","FullyQualifiedName":"SCMS.Tests.Repositories.UsersRepositoryTests.Update","DisplayName":"Update","ExecutorUri":"executor://NUnit3TestExecutor","Source":"C:\\Users\\zheny\\source\\repos\\SCMS.API\\SCMS.Tests\\bin\\Debug\\netcoreapp3.1\\fine-code-coverage\\build-output\\SCMS.Tests.dll","CodeFilePath":null,"LineNumber":0,"Properties":[]},"Attachments":[],"Outcome":1,"ErrorMessage":null,"ErrorStackTrace":null,"DisplayName":"Update","Messages":[],"ComputerName":"DESKTOP-R0QM1IU","Duration":"00:00:00.0005980","StartTime":"2021-12-15T14:54:00.7866527+00:00","EndTime":"2021-12-15T14:54:00.7872501+00:00","Properties":[]},{"TestCase":{"Id":"78e2b798-064c-2d11-d689-8534d896956e","FullyQualifiedName":"SCMS.Tests.Services.ClassesReportServiceTests.GetReport","DisplayName":"GetReport","ExecutorUri":"executor://NUnit3TestExecutor","Source":"C:\\Users\\zheny\\source\\repos\\SCMS.API\\SCMS.Tests\\bin\\Debug\\netcoreapp3.1\\fine-code-coverage\\build-output\\SCMS.Tests.dll","CodeFilePath":null,"LineNumber":0,"Properties":[]},"Attachments":[],"Outcome":1,"ErrorMessage":null,"ErrorStackTrace":null,"DisplayName":"GetReport","Messages":[],"ComputerName":"DESKTOP-R0QM1IU","Duration":"00:00:00.0006690","StartTime":"2021-12-15T14:54:00.7874277+00:00","EndTime":"2021-12-15T14:54:00.7880966+00:00","Properties":[]},{"TestCase":{"Id":"c403a909-3f08-994b-9cef-5150ce82268d","FullyQualifiedName":"SCMS.Tests.Services.StripeSessionServiceTests.CreateSession","DisplayName":"CreateSession","ExecutorUri":"executor://NUnit3TestExecutor","Source":"C:\\Users\\zheny\\source\\repos\\SCMS.API\\SCMS.Tests\\bin\\Debug\\netcoreapp3.1\\fine-code-coverage\\build-output\\SCMS.Tests.dll","CodeFilePath":null,"LineNumber":0,"Properties":[]},"Attachments":[],"Outcome":1,"ErrorMessage":null,"ErrorStackTrace":null,"DisplayName":"CreateSession","Messages":[],"ComputerName":"DESKTOP-R0QM1IU","Duration":"00:00:00.0006450","StartTime":"2021-12-15T14:54:00.7882606+00:00","EndTime":"2021-12-15T14:54:00.7889055+00:00","Properties":[]}],"TestRunStatistics":{"ExecutedTests":86,"Stats":{"Passed":86}},"ActiveTests":[{"Id":"d331affa-12a1-f0fa-8b3e-69470fd9fd9d","FullyQualifiedName":"SCMS.Tests.Services.SubscriptionServiceTests.ActivateSubscription","DisplayName":"ActivateSubscription","ExecutorUri":"executor://NUnit3TestExecutor","Source":"C:\\Users\\zheny\\source\\repos\\SCMS.API\\SCMS.Tests\\bin\\Debug\\netcoreapp3.1\\fine-code-coverage\\build-output\\SCMS.Tests.dll","CodeFilePath":null,"LineNumber":0,"Properties":[]}]}}
TpTrace Verbose: 0 : 596, 6, 2021/12/15, 15:54:00.866, 9815951187, vstest.console.dll, TestRunRequest:SendTestRunStatsChange: Starting.
TpTrace Verbose: 0 : 596, 6, 2021/12/15, 15:54:00.866, 9815951858, vstest.console.dll, InProgress is ActivateSubscription
TpTrace Information: 0 : 596, 6, 2021/12/15, 15:54:00.866, 9815952467, vstest.console.dll, TestRunRequest:SendTestRunStatsChange: Completed.
TpTrace Verbose: 0 : 596, 6, 2021/12/15, 15:54:00.866, 9815952915, vstest.console.dll, TcpClientExtensions.MessageLoopAsync: Polling on remoteEndPoint: 127.0.0.1:59242 localEndPoint: 127.0.0.1:59241
TpTrace Verbose: 0 : 596, 6, 2021/12/15, 15:54:00.887, 9816164179, vstest.console.dll, TcpClientExtensions.MessageLoopAsync: NotifyDataAvailable remoteEndPoint: 127.0.0.1:59242 localEndPoint: 127.0.0.1:59241
TpTrace Verbose: 0 : 596, 6, 2021/12/15, 15:54:00.887, 9816165711, vstest.console.dll, TestRequestSender.OnExecutionMessageReceived: Received message: {"Version":5,"MessageType":"TestSession.Message","Payload":{"MessageLevel":0,"Message":"NUnit Adapter 3.17.0.0: Test execution complete"}}
TpTrace Verbose: 0 : 596, 6, 2021/12/15, 15:54:00.887, 9816167071, vstest.console.dll, TestRunRequest:SendTestRunMessage: Starting.
TpTrace Information: 0 : 596, 6, 2021/12/15, 15:54:00.888, 9816167865, vstest.console.dll, TestRunRequest:SendTestRunMessage: Completed.
TpTrace Verbose: 0 : 596, 6, 2021/12/15, 15:54:00.888, 9816168376, vstest.console.dll, TcpClientExtensions.MessageLoopAsync: Polling on remoteEndPoint: 127.0.0.1:59242 localEndPoint: 127.0.0.1:59241
TpTrace Verbose: 0 : 596, 6, 2021/12/15, 15:54:00.910, 9816389428, vstest.console.dll, TcpClientExtensions.MessageLoopAsync: NotifyDataAvailable remoteEndPoint: 127.0.0.1:59242 localEndPoint: 127.0.0.1:59241
TpTrace Verbose: 0 : 596, 6, 2021/12/15, 15:54:00.910, 9816391668, vstest.console.dll, TestRequestSender.OnExecutionMessageReceived: Received message: {"Version":5,"MessageType":"TestExecution.Completed","Payload":{"TestRunCompleteArgs":{"TestRunStatistics":{"ExecutedTests":92,"Stats":{"Passed":92}},"IsCanceled":false,"IsAborted":false,"Error":null,"AttachmentSets":[],"ElapsedTimeInRunningTests":"00:00:03.5153030","Metrics":{}},"LastRunTests":{"NewTestResults":[{"TestCase":{"Id":"d331affa-12a1-f0fa-8b3e-69470fd9fd9d","FullyQualifiedName":"SCMS.Tests.Services.SubscriptionServiceTests.ActivateSubscription","DisplayName":"ActivateSubscription","ExecutorUri":"executor://NUnit3TestExecutor","Source":"C:\\Users\\zheny\\source\\repos\\SCMS.API\\SCMS.Tests\\bin\\Debug\\netcoreapp3.1\\fine-code-coverage\\build-output\\SCMS.Tests.dll","CodeFilePath":null,"LineNumber":0,"Properties":[]},"Attachments":[],"Outcome":1,"ErrorMessage":null,"ErrorStackTrace":null,"DisplayName":"ActivateSubscription","Messages":[],"ComputerName":"DESKTOP-R0QM1IU","Duration":"00:00:00.0006590","StartTime":"2021-12-15T14:54:00.7890509+00:00","EndTime":"2021-12-15T14:54:00.7897091+00:00","Properties":[]},{"TestCase":{"Id":"4169e12f-e33d-03a7-1dbe-aaec26788bbe","FullyQualifiedName":"SCMS.Tests.Services.SubscriptionServiceTests.CreateSubscription","DisplayName":"CreateSubscription","ExecutorUri":"executor://NUnit3TestExecutor","Source":"C:\\Users\\zheny\\source\\repos\\SCMS.API\\SCMS.Tests\\bin\\Debug\\netcoreapp3.1\\fine-code-coverage\\build-output\\SCMS.Tests.dll","CodeFilePath":null,"LineNumber":0,"Properties":[]},"Attachments":[],"Outcome":1,"ErrorMessage":null,"ErrorStackTrace":null,"DisplayName":"CreateSubscription","Messages":[],"ComputerName":"DESKTOP-R0QM1IU","Duration":"00:00:00.0006500","StartTime":"2021-12-15T14:54:00.7897268+00:00","EndTime":"2021-12-15T14:54:00.7903759+00:00","Properties":[]},{"TestCase":{"Id":"2856ab17-cd37-8343-47c1-b6018eb31be7","FullyQualifiedName":"SCMS.Tests.Services.SubscriptionServiceTests.DectivateSubscription","DisplayName":"DectivateSubscription","ExecutorUri":"executor://NUnit3TestExecutor","Source":"C:\\Users\\zheny\\source\\repos\\SCMS.API\\SCMS.Tests\\bin\\Debug\\netcoreapp3.1\\fine-code-coverage\\build-output\\SCMS.Tests.dll","CodeFilePath":null,"LineNumber":0,"Properties":[]},"Attachments":[],"Outcome":1,"ErrorMessage":null,"ErrorStackTrace":null,"DisplayName":"DectivateSubscription","Messages":[],"ComputerName":"DESKTOP-R0QM1IU","Duration":"00:00:00.0005970","StartTime":"2021-12-15T14:54:00.790409+00:00","EndTime":"2021-12-15T14:54:00.7910046+00:00","Properties":[]},{"TestCase":{"Id":"f5818b65-8151-2f27-33bd-2170def81ed2","FullyQualifiedName":"SCMS.Tests.Services.SubscriptionServiceTests.FindActiveSubscriptions","DisplayName":"FindActiveSubscriptions","ExecutorUri":"executor://NUnit3TestExecutor","Source":"C:\\Users\\zheny\\source\\repos\\SCMS.API\\SCMS.Tests\\bin\\Debug\\netcoreapp3.1\\fine-code-coverage\\build-output\\SCMS.Tests.dll","CodeFilePath":null,"LineNumber":0,"Properties":[]},"Attachments":[],"Outcome":1,"ErrorMessage":null,"ErrorStackTrace":null,"DisplayName":"FindActiveSubscriptions","Messages":[],"ComputerName":"DESKTOP-R0QM1IU","Duration":"00:00:00.0006020","StartTime":"2021-12-15T14:54:00.7910247+00:00","EndTime":"2021-12-15T14:54:00.7916256+00:00","Properties":[]},{"TestCase":{"Id":"2daafe80-a0cf-4f13-e420-0ac5d7b78ef4","FullyQualifiedName":"SCMS.Tests.Services.SubscriptionServiceTests.FindSubscription","DisplayName":"FindSubscription","ExecutorUri":"executor://NUnit3TestExecutor","Source":"C:\\Users\\zheny\\source\\repos\\SCMS.API\\SCMS.Tests\\bin\\Debug\\netcoreapp3.1\\fine-code-coverage\\build-output\\SCMS.Tests.dll","CodeFilePath":null,"LineNumber":0,"Properties":[]},"Attachments":[],"Outcome":1,"ErrorMessage":null,"ErrorStackTrace":null,"DisplayName":"FindSubscription","Messages":[],"ComputerName":"DESKTOP-R0QM1IU","Duration":"00:00:00.0042980","StartTime":"2021-12-15T14:54:00.7916431+00:00","EndTime":"2021-12-15T14:54:00.7959394+00:00","Properties":[]},{"TestCase":{"Id":"a0e0eb06-686f-e1e6-e77b-b471102119cd","FullyQualifiedName":"SCMS.Tests.Services.SubscriptionServiceTests.GetLastSubscription","DisplayName":"GetLastSubscription","ExecutorUri":"executor://NUnit3TestExecutor","Source":"C:\\Users\\zheny\\source\\repos\\SCMS.API\\SCMS.Tests\\bin\\Debug\\netcoreapp3.1\\fine-code-coverage\\build-output\\SCMS.Tests.dll","CodeFilePath":null,"LineNumber":0,"Properties":[]},"Attachments":[],"Outcome":1,"ErrorMessage":null,"ErrorStackTrace":null,"DisplayName":"GetLastSubscription","Messages":[],"ComputerName":"DESKTOP-R0QM1IU","Duration":"00:00:00.0007940","StartTime":"2021-12-15T14:54:00.7959629+00:00","EndTime":"2021-12-15T14:54:00.7967561+00:00","Properties":[]}],"TestRunStatistics":{"ExecutedTests":92,"Stats":{"Passed":92}},"ActiveTests":[]},"RunAttachments":[],"ExecutorUris":["executor://nunit3testexecutor/"]}}
TpTrace Verbose: 0 : 596, 6, 2021/12/15, 15:54:00.911, 9816397555, vstest.console.dll, TestRequestSender.EndSession: Sending end session.
TpTrace Verbose: 0 : 596, 6, 2021/12/15, 15:54:00.911, 9816399486, vstest.console.dll, ProxyOperationManager.Close: waiting for test host to exit for 100 ms
TpTrace Warning: 0 : 596, 6, 2021/12/15, 15:54:01.025, 9817546112, vstest.console.dll, ProxyOperationManager: Timed out waiting for test host to exit. Will terminate process.
TpTrace Verbose: 0 : 596, 6, 2021/12/15, 15:54:01.034, 9817630481, vstest.console.dll, ProxyDataCollectionManager.InvokeDataCollectionServiceAction: Starting.
TpTrace Information: 0 : 596, 6, 2021/12/15, 15:54:01.034, 9817633480, vstest.console.dll, ProxyDataCollectionManager.AfterTestRunEnd: Get attachment set for datacollector processId: 1856 port: 59238
TpTrace Verbose: 0 : 596, 6, 2021/12/15, 15:54:01.034, 9817635324, vstest.console.dll, DataCollectionRequestSender.SendAfterTestRunStartAndGetResult : Send AfterTestRunEnd message with isCancelled: False
TpTrace Verbose: 0 : 596, 6, 2021/12/15, 15:54:01.051, 9817806241, vstest.console.dll, DataCollectionRequestSender.SendAfterTestRunStartAndGetResult : Received message: (DataCollection.AfterTestRunEndResult) -> {
  "AttachmentSets": [],
  "Metrics": {}
}
TpTrace Information: 0 : 596, 6, 2021/12/15, 15:54:01.061, 9817905550, vstest.console.dll, ProxyDataCollectionManager.InvokeDataCollectionServiceAction: Completed.
TpTrace Warning: 0 : 596, 9, 2021/12/15, 15:54:01.068, 9817968495, vstest.console.dll, DataCollectionLauncher.ErrorReceivedCallback datacollector standard error line: 
TpTrace Information: 0 : 596, 7, 2021/12/15, 15:54:01.092, 9818215026, vstest.console.dll, DataCollectionLauncher.ExitCallBack: Data collector exited with exitcode: 0 error: ''
TpTrace Verbose: 0 : 596, 6, 2021/12/15, 15:54:01.136, 9818654626, vstest.console.dll, TestRunRequest:SendTestRunStatsChange: Starting.
TpTrace Information: 0 : 596, 6, 2021/12/15, 15:54:01.137, 9818657985, vstest.console.dll, TestRunRequest:SendTestRunStatsChange: Completed.
TpTrace Verbose: 0 : 596, 6, 2021/12/15, 15:54:01.137, 9818661735, vstest.console.dll, ParallelProxyExecutionManager: HandlePartialRunComplete: Total completed clients = 1, Run complete = True, Run canceled: False.
TpTrace Verbose: 0 : 596, 6, 2021/12/15, 15:54:01.189, 9819186546, vstest.console.dll, TestRunRequest:TestRunComplete: Starting. IsAborted:False IsCanceled:False.
TpTrace Verbose: 0 : 596, 6, 2021/12/15, 15:54:01.190, 9819189699, vstest.console.dll, TestLoggerManager.HandleTestRunComplete: Ignoring as the object is disposed.
TpTrace Information: 0 : 596, 6, 2021/12/15, 15:54:01.190, 9819194773, vstest.console.dll, TestRunRequest:TestRunComplete: Completed.
TpTrace Verbose: 0 : 596, 6, 2021/12/15, 15:54:01.190, 9819195979, vstest.console.dll, TestRequestSender.SetOperationComplete: Setting operation complete.
TpTrace Information: 0 : 596, 6, 2021/12/15, 15:54:01.190, 9819196980, vstest.console.dll, SocketServer.Stop: Stop server endPoint: 127.0.0.1:59241
TpTrace Information: 0 : 596, 6, 2021/12/15, 15:54:01.191, 9819197737, vstest.console.dll, SocketServer.Stop: Cancellation requested. Stopping message loop.
TpTrace Verbose: 0 : 596, 1, 2021/12/15, 15:54:01.190, 9819196074, vstest.console.dll, TestRunRequest.Dispose: Starting.
TpTrace Information: 0 : 596, 6, 2021/12/15, 15:54:01.191, 9819198910, vstest.console.dll, SocketServer.PrivateStop: Stop server endPoint: 127.0.0.1:59241 error: 
TpTrace Information: 0 : 596, 1, 2021/12/15, 15:54:01.191, 9819200379, vstest.console.dll, TestRunRequest.Dispose: Completed.
TpTrace Information: 0 : 596, 1, 2021/12/15, 15:54:01.191, 9819203408, vstest.console.dll, TestRequestManager.RunTests: run tests completed.
TpTrace Information: 0 : 596, 1, 2021/12/15, 15:54:01.191, 9819205443, vstest.console.dll, RunTestsArgumentProcessor:Execute: Test run is completed.
TpTrace Verbose: 0 : 596, 1, 2021/12/15, 15:54:01.192, 9819209226, vstest.console.dll, Executor.Execute: Exiting with exit code of 0
TpTrace Verbose: 0 : 596, 6, 2021/12/15, 15:54:01.192, 9819210697, vstest.console.dll, LengthPrefixCommunicationChannel.Dispose: Dispose reader and writer.
TpTrace Information: 0 : 596, 6, 2021/12/15, 15:54:01.192, 9819212399, vstest.console.dll, SocketServer.Stop: Raise disconnected event endPoint: 127.0.0.1:59241 error: 
TpTrace Verbose: 0 : 596, 6, 2021/12/15, 15:54:01.192, 9819213701, vstest.console.dll, TestRequestSender: OnTestRunAbort: Operation is already complete. Skip error message.
TpTrace Verbose: 0 : 596, 6, 2021/12/15, 15:54:01.192, 9819214665, vstest.console.dll, TcpClientExtensions.MessageLoopAsync: exiting MessageLoopAsync remoteEndPoint: 127.0.0.1:59242 localEndPoint: 127.0.0.1:59241
